log started: Sat Jun  4 15:51:35 2016

Log file: ./leap.log
> #
> # ----- leaprc for loading the ff14SB force field
> # ----- NOTE: this is designed for PDB format 3!
> #    Uses frcmod.ff14SB for proteins; ff99bsc0 for DNA; ff99bsc0_chiOL3 for RNA
> #
> #	load atom type hybridizations
> #
> addAtomTypes {
> 	{ "H"   "H" "sp3" }
> 	{ "HO"  "H" "sp3" }
> 	{ "HS"  "H" "sp3" }
> 	{ "H1"  "H" "sp3" }
> 	{ "H2"  "H" "sp3" }
> 	{ "H3"  "H" "sp3" }
> 	{ "H4"  "H" "sp3" }
> 	{ "H5"  "H" "sp3" }
> 	{ "HW"  "H" "sp3" }
> 	{ "HC"  "H" "sp3" }
> 	{ "HA"  "H" "sp3" }
> 	{ "HP"  "H" "sp3" }
> 	{ "HZ"  "H" "sp3" }
> 	{ "OH"  "O" "sp3" }
> 	{ "OS"  "O" "sp3" }
> 	{ "O"   "O" "sp2" }
> 	{ "O2"  "O" "sp2" }
> 	{ "OP"  "O" "sp2" }
> 	{ "OW"  "O" "sp3" }
> 	{ "CT"  "C" "sp3" }
> 	{ "CX"  "C" "sp3" }
> 	{ "C8"  "C" "sp3" }
> 	{ "2C"  "C" "sp3" }
> 	{ "3C"  "C" "sp3" }
> 	{ "CH"  "C" "sp3" }
> 	{ "CS"  "C" "sp2" }
> 	{ "C"   "C" "sp2" }
> 	{ "CO"   "C" "sp2" }
> 	{ "C*"  "C" "sp2" }
> 	{ "CA"  "C" "sp2" }
> 	{ "CB"  "C" "sp2" }
> 	{ "CC"  "C" "sp2" }
> 	{ "CN"  "C" "sp2" }
> 	{ "CM"  "C" "sp2" }
> 	{ "CK"  "C" "sp2" }
> 	{ "CQ"  "C" "sp2" }
> 	{ "CD"  "C" "sp2" }
> 	{ "C5"  "C" "sp2" }
> 	{ "C4"  "C" "sp2" }
> 	{ "CP"  "C" "sp2" }
> 	{ "CI"  "C" "sp3" }
> 	{ "CJ"  "C" "sp2" }
> 	{ "CW"  "C" "sp2" }
> 	{ "CV"  "C" "sp2" }
> 	{ "CR"  "C" "sp2" }
> 	{ "CA"  "C" "sp2" }
> 	{ "CY"  "C" "sp2" }
> 	{ "C0"  "Ca" "sp3" }
> 	{ "MG"  "Mg" "sp3" }
> 	{ "N"   "N" "sp2" }
> 	{ "NA"  "N" "sp2" }
> 	{ "N2"  "N" "sp2" }
> 	{ "N*"  "N" "sp2" }
> 	{ "NP"  "N" "sp2" }
> 	{ "NQ"  "N" "sp2" }
> 	{ "NB"  "N" "sp2" }
> 	{ "NC"  "N" "sp2" }
> 	{ "NT"  "N" "sp3" }
> 	{ "NY"  "N" "sp2" }
> 	{ "N3"  "N" "sp3" }
> 	{ "S"   "S" "sp3" }
> 	{ "SH"  "S" "sp3" }
> 	{ "P"   "P" "sp3" }
> 	{ "LP"  ""  "sp3" }
> 	{ "EP"  ""  "sp3" }
> 	{ "F"   "F" "sp3" }
> 	{ "Cl"  "Cl" "sp3" }
> 	{ "Br"  "Br" "sp3" }
> 	{ "I"   "I"  "sp3" }
> 	{ "F-"   "F" "sp3" }
> 	{ "Cl-"  "Cl" "sp3" }
> 	{ "Br-"  "Br" "sp3" }
> 	{ "I-"   "I"  "sp3" }
> 	{ "Li+"  "Li"  "sp3" }
> 	{ "Na+"  "Na"  "sp3" }
> 	{ "K+"  "K"  "sp3" }
> 	{ "Rb+"  "Rb"  "sp3" }
> 	{ "Cs+"  "Cs"  "sp3" }
> 	{ "Mg+"  "Mg"  "sp3" }
> # glycam
> 	{ "OG"  "O" "sp3" }
> 	{ "OL"  "O" "sp3" }
> 	{ "AC"  "C" "sp3" }
> 	{ "EC"  "C" "sp3" }
> }
> #
> #	Load the main parameter set.
> #
> parm10 = loadamberparams parm10.dat
Loading parameters: /home/sigurd/amber14//dat/leap/parm/parm10.dat
Reading title:
PARM99 + frcmod.ff99SB + frcmod.parmbsc0 + OL3 for RNA
(UNKNOWN ATOM TYPE: Zn)
(UNKNOWN ATOM TYPE: EP)
> frcmod14SB = loadamberparams frcmod.ff14SB
Loading parameters: /home/sigurd/amber14//dat/leap/parm/frcmod.ff14SB
Reading force field modification type file (frcmod)
Reading title:
ff14SB protein backbone and sidechain parameters
> #
> #	Load main chain and terminating amino acid libraries, nucleic acids
> #
> loadOff amino12.lib
Loading library: /home/sigurd/amber14//dat/leap/lib/amino12.lib
Loading: ALA
Loading: ARG
Loading: ASH
Loading: ASN
Loading: ASP
Loading: CYM
Loading: CYS
Loading: CYX
Loading: GLH
Loading: GLN
Loading: GLU
Loading: GLY
Loading: HID
Loading: HIE
Loading: HIP
Loading: HYP
Loading: ILE
Loading: LEU
Loading: LYN
Loading: LYS
Loading: MET
Loading: PHE
Loading: PRO
Loading: SER
Loading: THR
Loading: TRP
Loading: TYR
Loading: VAL
> loadOff aminoct12.lib
Loading library: /home/sigurd/amber14//dat/leap/lib/aminoct12.lib
Loading: CALA
Loading: CARG
Loading: CASN
Loading: CASP
Loading: CCYS
Loading: CCYX
Loading: CGLN
Loading: CGLU
Loading: CGLY
Loading: CHID
Loading: CHIE
Loading: CHIP
Loading: CHYP
Loading: CILE
Loading: CLEU
Loading: CLYS
Loading: CMET
Loading: CPHE
Loading: CPRO
Loading: CSER
Loading: CTHR
Loading: CTRP
Loading: CTYR
Loading: CVAL
Loading: NHE
Loading: NME
> loadOff aminont12.lib
Loading library: /home/sigurd/amber14//dat/leap/lib/aminont12.lib
Loading: ACE
Loading: NALA
Loading: NARG
Loading: NASN
Loading: NASP
Loading: NCYS
Loading: NCYX
Loading: NGLN
Loading: NGLU
Loading: NGLY
Loading: NHID
Loading: NHIE
Loading: NHIP
Loading: NILE
Loading: NLEU
Loading: NLYS
Loading: NMET
Loading: NPHE
Loading: NPRO
Loading: NSER
Loading: NTHR
Loading: NTRP
Loading: NTYR
Loading: NVAL
> loadOff nucleic12.lib
Loading library: /home/sigurd/amber14//dat/leap/lib/nucleic12.lib
Loading: A
Loading: A3
Loading: A5
Loading: AN
Loading: C
Loading: C3
Loading: C5
Loading: CN
Loading: DA
Loading: DA3
Loading: DA5
Loading: DAN
Loading: DC
Loading: DC3
Loading: DC5
Loading: DCN
Loading: DG
Loading: DG3
Loading: DG5
Loading: DGN
Loading: DT
Loading: DT3
Loading: DT5
Loading: DTN
Loading: G
Loading: G3
Loading: G5
Loading: GN
Loading: OHE
Loading: U
Loading: U3
Loading: U5
Loading: UN
> #
> #       Load water and ions
> # 
> loadOff atomic_ions.lib
Loading library: /home/sigurd/amber14//dat/leap/lib/atomic_ions.lib
Loading: AG
Loading: AL
Loading: Ag
Loading: BA
Loading: BR
Loading: Be
Loading: CA
Loading: CD
Loading: CE
Loading: CL
Loading: CO
Loading: CR
Loading: CS
Loading: CU
Loading: CU1
Loading: Ce
Loading: Cl-
Loading: Cr
Loading: Dy
Loading: EU
Loading: EU3
Loading: Er
Loading: F
Loading: FE
Loading: FE2
Loading: GD3
Loading: H3O+
Loading: HE+
Loading: HG
Loading: HZ+
Loading: Hf
Loading: IN
Loading: IOD
Loading: K
Loading: K+
Loading: LA
Loading: LI
Loading: LU
Loading: MG
Loading: MN
Loading: NA
Loading: NH4
Loading: NI
Loading: Na+
Loading: Nd
Loading: PB
Loading: PD
Loading: PR
Loading: PT
Loading: Pu
Loading: RB
Loading: Ra
Loading: SM
Loading: SR
Loading: Sm
Loading: Sn
Loading: TB
Loading: TL
Loading: Th
Loading: Tl
Loading: Tm
Loading: U4+
Loading: V2+
Loading: Y
Loading: YB2
Loading: ZN
Loading: Zr
> loadOff solvents.lib
Loading library: /home/sigurd/amber14//dat/leap/lib/solvents.lib
Loading: CHCL3BOX
Loading: DC4
Loading: MEOHBOX
Loading: NMABOX
Loading: OPC
Loading: OPCBOX
Loading: PL3
Loading: POL3BOX
Loading: QSPCFWBOX
Loading: SPC
Loading: SPCBOX
Loading: SPCFWBOX
Loading: SPF
Loading: SPG
Loading: T4E
Loading: TIP3PBOX
Loading: TIP3PFBOX
Loading: TIP4PBOX
Loading: TIP4PEWBOX
Loading: TIP5PBOX
Loading: TP3
Loading: TP4
Loading: TP5
Loading: TPF
> HOH = TP3
> WAT = TP3
> 
> #
> #	Define the PDB name map for the amino acids and nucleic acids
> #
> addPdbResMap {
>   { 0 "HYP" "NHYP" } { 1 "HYP" "CHYP" }
>   { 0 "ALA" "NALA" } { 1 "ALA" "CALA" }
>   { 0 "ARG" "NARG" } { 1 "ARG" "CARG" }
>   { 0 "ASN" "NASN" } { 1 "ASN" "CASN" }
>   { 0 "ASP" "NASP" } { 1 "ASP" "CASP" }
>   { 0 "CYS" "NCYS" } { 1 "CYS" "CCYS" }
>   { 0 "CYX" "NCYX" } { 1 "CYX" "CCYX" }
>   { 0 "GLN" "NGLN" } { 1 "GLN" "CGLN" }
>   { 0 "GLU" "NGLU" } { 1 "GLU" "CGLU" }
>   { 0 "GLY" "NGLY" } { 1 "GLY" "CGLY" }
>   { 0 "HID" "NHID" } { 1 "HID" "CHID" }
>   { 0 "HIE" "NHIE" } { 1 "HIE" "CHIE" }
>   { 0 "HIP" "NHIP" } { 1 "HIP" "CHIP" }
>   { 0 "ILE" "NILE" } { 1 "ILE" "CILE" }
>   { 0 "LEU" "NLEU" } { 1 "LEU" "CLEU" }
>   { 0 "LYS" "NLYS" } { 1 "LYS" "CLYS" }
>   { 0 "MET" "NMET" } { 1 "MET" "CMET" }
>   { 0 "PHE" "NPHE" } { 1 "PHE" "CPHE" }
>   { 0 "PRO" "NPRO" } { 1 "PRO" "CPRO" }
>   { 0 "SER" "NSER" } { 1 "SER" "CSER" }
>   { 0 "THR" "NTHR" } { 1 "THR" "CTHR" }
>   { 0 "TRP" "NTRP" } { 1 "TRP" "CTRP" }
>   { 0 "TYR" "NTYR" } { 1 "TYR" "CTYR" }
>   { 0 "VAL" "NVAL" } { 1 "VAL" "CVAL" }
>   { 0 "HIS" "NHIS" } { 1 "HIS" "CHIS" }
>   { 0 "G" "G5"  } { 1 "G" "G3"  } 
>   { 0 "A" "A5"  } { 1 "A" "A3"  } 
>   { 0 "C" "C5"  } { 1 "C" "C3"  } 
>   { 0 "U" "U5"  } { 1 "U" "U3"  } 
>   { 0 "DG" "DG5"  } { 1 "DG" "DG3"  }  
>   { 0 "DA" "DA5"  } { 1 "DA" "DA3"  }  
>   { 0 "DC" "DC5"  } { 1 "DC" "DC3"  }  
>   { 0 "DT" "DT5"  } { 1 "DT" "DT3"  }  
> #  some old Amber residue names for RNA:
>   { 0  "RA5" "A5" } { 1 "RA3" "A3"} {"RA" "A" }
>   { 0  "RC5" "C5" } { 1 "RC3" "C3"} {"RC" "C" }
>   { 0  "RG5" "G5" } { 1 "RG3" "G3"} {"RG" "G" }
>   { 0  "RU5" "U5" } { 1 "RU3" "U3"} {"RU" "U" }
> #  some really old Amber residue names, assuming DNA:
>   { 0 "GUA" "DG5"  } { 1 "GUA" "DG3"  } { "GUA" "DG" }
>   { 0 "ADE" "DA5"  } { 1 "ADE" "DA3"  } { "ADE" "DA" }
>   { 0 "CYT" "DC5"  } { 1 "CYT" "DC3"  } { "CYT" "DC" }
>   { 0 "THY" "DT5"  } { 1 "THY" "DT3"  } { "THY" "DT" }
> #  uncomment out the following if you have this old style RNA files:
> # { 0 "GUA" "G5"  } { 1 "GUA" "G3"  } { "GUA" "G" }
> # { 0 "ADE" "A5"  } { 1 "ADE" "A3"  } { "ADE" "A" }
> # { 0 "CYT" "C5"  } { 1 "CYT" "C3"  } { "CYT" "C" }
> # { 0 "URA" "R5"  } { 1 "URA" "R3"  } { "URA" "R" }
> 
> }
> 
> #  try to be good about reading in really old atom names as well:
> addPdbAtomMap {
>   { "O5*" "O5'" }
>   { "C5*" "C5'" }
>   { "C4*" "C4'" }
>   { "O4*" "O4'" }
>   { "C3*" "C3'" }
>   { "O3*" "O3'" }
>   { "C2*" "C2'" }
>   { "O2*" "O2'" }
>   { "C1*" "C1'" }
>   { "C5M" "C7"  }
>   { "H1*" "H1'" }
>   { "H2*1" "H2'" }
>   { "H2*2" "H2''" }
>   { "H2'1" "H2'" }
>   { "H2'2" "H2''" }
>   { "H3*" "H3'" }
>   { "H4*" "H4'" }
>   { "H5*1" "H5'" }
>   { "H5*2" "H5''" }
>   { "H5'1" "H5'" }
>   { "H5'2" "H5''" }
>   { "HO'2" "HO2'" }
>   { "H5T"  "HO5'" }
>   { "H3T"  "HO3'" }
>   { "O1'" "O4'" }
>   { "OA"  "OP1" }
>   { "OB"  "OP2" }
>   { "O1P" "OP1" }
>   { "O2P" "OP2" }
> }
> 
> #
> # assume that most often proteins use HIE
> #
> NHIS = NHIE
> HIS = HIE
> CHIS = CHIE
 
> loadpdb 1IXH.pdb
Loading PDB file: ./1IXH.pdb
Enter zPdbReadScan from call depth  0.
Exit  zPdbReadScan from call depth  0.
Matching PDB residue names to LEaP variables.
Mapped residue GLU, term: Terminal/beginning, seq. number: 0 to: NGLU.
(Residue 1: ALA, Nonterminal, was not found in name map.)
(Residue 2: SER, Nonterminal, was not found in name map.)
(Residue 3: LEU, Nonterminal, was not found in name map.)
(Residue 4: THR, Nonterminal, was not found in name map.)
(Residue 5: GLY, Nonterminal, was not found in name map.)
(Residue 6: ALA, Nonterminal, was not found in name map.)
(Residue 7: GLY, Nonterminal, was not found in name map.)
(Residue 8: ALA, Nonterminal, was not found in name map.)
(Residue 9: THR, Nonterminal, was not found in name map.)
(Residue 10: PHE, Nonterminal, was not found in name map.)
(Residue 11: PRO, Nonterminal, was not found in name map.)
(Residue 12: ALA, Nonterminal, was not found in name map.)
(Residue 13: PRO, Nonterminal, was not found in name map.)
(Residue 14: VAL, Nonterminal, was not found in name map.)
(Residue 15: TYR, Nonterminal, was not found in name map.)
(Residue 16: ALA, Nonterminal, was not found in name map.)
(Residue 17: LYS, Nonterminal, was not found in name map.)
(Residue 18: TRP, Nonterminal, was not found in name map.)
(Residue 19: ALA, Nonterminal, was not found in name map.)
(Residue 20: ASP, Nonterminal, was not found in name map.)
(Residue 21: THR, Nonterminal, was not found in name map.)
(Residue 22: TYR, Nonterminal, was not found in name map.)
(Residue 23: GLN, Nonterminal, was not found in name map.)
(Residue 24: LYS, Nonterminal, was not found in name map.)
(Residue 25: GLU, Nonterminal, was not found in name map.)
(Residue 26: THR, Nonterminal, was not found in name map.)
(Residue 27: GLY, Nonterminal, was not found in name map.)
(Residue 28: ASN, Nonterminal, was not found in name map.)
(Residue 29: LYS, Nonterminal, was not found in name map.)
(Residue 30: VAL, Nonterminal, was not found in name map.)
(Residue 31: ASN, Nonterminal, was not found in name map.)
(Residue 32: TYR, Nonterminal, was not found in name map.)
(Residue 33: GLN, Nonterminal, was not found in name map.)
(Residue 34: GLY, Nonterminal, was not found in name map.)
(Residue 35: ILE, Nonterminal, was not found in name map.)
(Residue 36: GLY, Nonterminal, was not found in name map.)
(Residue 37: SER, Nonterminal, was not found in name map.)
(Residue 38: SER, Nonterminal, was not found in name map.)
(Residue 39: GLY, Nonterminal, was not found in name map.)
(Residue 40: GLY, Nonterminal, was not found in name map.)
(Residue 41: VAL, Nonterminal, was not found in name map.)
(Residue 42: LYS, Nonterminal, was not found in name map.)
(Residue 43: GLN, Nonterminal, was not found in name map.)
(Residue 44: ILE, Nonterminal, was not found in name map.)
(Residue 45: ILE, Nonterminal, was not found in name map.)
(Residue 46: ALA, Nonterminal, was not found in name map.)
(Residue 47: ASN, Nonterminal, was not found in name map.)
(Residue 48: THR, Nonterminal, was not found in name map.)
(Residue 49: VAL, Nonterminal, was not found in name map.)
(Residue 50: ASP, Nonterminal, was not found in name map.)
(Residue 51: PHE, Nonterminal, was not found in name map.)
(Residue 52: GLY, Nonterminal, was not found in name map.)
(Residue 53: ALA, Nonterminal, was not found in name map.)
(Residue 54: SER, Nonterminal, was not found in name map.)
(Residue 55: ASP, Nonterminal, was not found in name map.)
(Residue 56: ALA, Nonterminal, was not found in name map.)
(Residue 57: PRO, Nonterminal, was not found in name map.)
(Residue 58: LEU, Nonterminal, was not found in name map.)
(Residue 59: SER, Nonterminal, was not found in name map.)
(Residue 60: ASP, Nonterminal, was not found in name map.)
(Residue 61: GLU, Nonterminal, was not found in name map.)
(Residue 62: LYS, Nonterminal, was not found in name map.)
(Residue 63: LEU, Nonterminal, was not found in name map.)
(Residue 64: ALA, Nonterminal, was not found in name map.)
(Residue 65: GLN, Nonterminal, was not found in name map.)
(Residue 66: GLU, Nonterminal, was not found in name map.)
(Residue 67: GLY, Nonterminal, was not found in name map.)
(Residue 68: LEU, Nonterminal, was not found in name map.)
(Residue 69: PHE, Nonterminal, was not found in name map.)
(Residue 70: GLN, Nonterminal, was not found in name map.)
(Residue 71: PHE, Nonterminal, was not found in name map.)
(Residue 72: PRO, Nonterminal, was not found in name map.)
(Residue 73: THR, Nonterminal, was not found in name map.)
(Residue 74: VAL, Nonterminal, was not found in name map.)
(Residue 75: ILE, Nonterminal, was not found in name map.)
(Residue 76: GLY, Nonterminal, was not found in name map.)
(Residue 77: GLY, Nonterminal, was not found in name map.)
(Residue 78: VAL, Nonterminal, was not found in name map.)
(Residue 79: VAL, Nonterminal, was not found in name map.)
(Residue 80: LEU, Nonterminal, was not found in name map.)
(Residue 81: ALA, Nonterminal, was not found in name map.)
(Residue 82: VAL, Nonterminal, was not found in name map.)
(Residue 83: ASN, Nonterminal, was not found in name map.)
(Residue 84: ILE, Nonterminal, was not found in name map.)
(Residue 85: PRO, Nonterminal, was not found in name map.)
(Residue 86: GLY, Nonterminal, was not found in name map.)
(Residue 87: LEU, Nonterminal, was not found in name map.)
(Residue 88: LYS, Nonterminal, was not found in name map.)
(Residue 89: SER, Nonterminal, was not found in name map.)
(Residue 90: GLY, Nonterminal, was not found in name map.)
(Residue 91: GLU, Nonterminal, was not found in name map.)
(Residue 92: LEU, Nonterminal, was not found in name map.)
(Residue 93: VAL, Nonterminal, was not found in name map.)
(Residue 94: LEU, Nonterminal, was not found in name map.)
(Residue 95: ASP, Nonterminal, was not found in name map.)
(Residue 96: GLY, Nonterminal, was not found in name map.)
(Residue 97: LYS, Nonterminal, was not found in name map.)
(Residue 98: THR, Nonterminal, was not found in name map.)
(Residue 99: LEU, Nonterminal, was not found in name map.)
(Residue 100: GLY, Nonterminal, was not found in name map.)
(Residue 101: ASP, Nonterminal, was not found in name map.)
(Residue 102: ILE, Nonterminal, was not found in name map.)
(Residue 103: TYR, Nonterminal, was not found in name map.)
(Residue 104: LEU, Nonterminal, was not found in name map.)
(Residue 105: GLY, Nonterminal, was not found in name map.)
(Residue 106: LYS, Nonterminal, was not found in name map.)
(Residue 107: ILE, Nonterminal, was not found in name map.)
(Residue 108: LYS, Nonterminal, was not found in name map.)
(Residue 109: LYS, Nonterminal, was not found in name map.)
(Residue 110: TRP, Nonterminal, was not found in name map.)
(Residue 111: ASP, Nonterminal, was not found in name map.)
(Residue 112: ASP, Nonterminal, was not found in name map.)
(Residue 113: GLU, Nonterminal, was not found in name map.)
(Residue 114: ALA, Nonterminal, was not found in name map.)
(Residue 115: ILE, Nonterminal, was not found in name map.)
(Residue 116: ALA, Nonterminal, was not found in name map.)
(Residue 117: LYS, Nonterminal, was not found in name map.)
(Residue 118: LEU, Nonterminal, was not found in name map.)
(Residue 119: ASN, Nonterminal, was not found in name map.)
(Residue 120: PRO, Nonterminal, was not found in name map.)
(Residue 121: GLY, Nonterminal, was not found in name map.)
(Residue 122: LEU, Nonterminal, was not found in name map.)
(Residue 123: LYS, Nonterminal, was not found in name map.)
(Residue 124: LEU, Nonterminal, was not found in name map.)
(Residue 125: PRO, Nonterminal, was not found in name map.)
(Residue 126: SER, Nonterminal, was not found in name map.)
(Residue 127: GLN, Nonterminal, was not found in name map.)
(Residue 128: ASN, Nonterminal, was not found in name map.)
(Residue 129: ILE, Nonterminal, was not found in name map.)
(Residue 130: ALA, Nonterminal, was not found in name map.)
(Residue 131: VAL, Nonterminal, was not found in name map.)
(Residue 132: VAL, Nonterminal, was not found in name map.)
(Residue 133: ARG, Nonterminal, was not found in name map.)
(Residue 134: ARG, Nonterminal, was not found in name map.)
(Residue 135: ALA, Nonterminal, was not found in name map.)
(Residue 136: ASP, Nonterminal, was not found in name map.)
(Residue 137: GLY, Nonterminal, was not found in name map.)
(Residue 138: SER, Nonterminal, was not found in name map.)
(Residue 139: GLY, Nonterminal, was not found in name map.)
(Residue 140: THR, Nonterminal, was not found in name map.)
(Residue 141: SER, Nonterminal, was not found in name map.)
(Residue 142: PHE, Nonterminal, was not found in name map.)
(Residue 143: VAL, Nonterminal, was not found in name map.)
(Residue 144: PHE, Nonterminal, was not found in name map.)
(Residue 145: THR, Nonterminal, was not found in name map.)
(Residue 146: SER, Nonterminal, was not found in name map.)
(Residue 147: TYR, Nonterminal, was not found in name map.)
(Residue 148: LEU, Nonterminal, was not found in name map.)
(Residue 149: ALA, Nonterminal, was not found in name map.)
(Residue 150: LYS, Nonterminal, was not found in name map.)
(Residue 151: VAL, Nonterminal, was not found in name map.)
(Residue 152: ASN, Nonterminal, was not found in name map.)
(Residue 153: GLU, Nonterminal, was not found in name map.)
(Residue 154: GLU, Nonterminal, was not found in name map.)
(Residue 155: TRP, Nonterminal, was not found in name map.)
(Residue 156: LYS, Nonterminal, was not found in name map.)
(Residue 157: ASN, Nonterminal, was not found in name map.)
(Residue 158: ASN, Nonterminal, was not found in name map.)
(Residue 159: VAL, Nonterminal, was not found in name map.)
(Residue 160: GLY, Nonterminal, was not found in name map.)
(Residue 161: THR, Nonterminal, was not found in name map.)
(Residue 162: GLY, Nonterminal, was not found in name map.)
(Residue 163: SER, Nonterminal, was not found in name map.)
(Residue 164: THR, Nonterminal, was not found in name map.)
(Residue 165: VAL, Nonterminal, was not found in name map.)
(Residue 166: LYS, Nonterminal, was not found in name map.)
(Residue 167: TRP, Nonterminal, was not found in name map.)
(Residue 168: PRO, Nonterminal, was not found in name map.)
(Residue 169: ILE, Nonterminal, was not found in name map.)
(Residue 170: GLY, Nonterminal, was not found in name map.)
(Residue 171: LEU, Nonterminal, was not found in name map.)
(Residue 172: GLY, Nonterminal, was not found in name map.)
(Residue 173: GLY, Nonterminal, was not found in name map.)
(Residue 174: LYS, Nonterminal, was not found in name map.)
(Residue 175: GLY, Nonterminal, was not found in name map.)
(Residue 176: ASN, Nonterminal, was not found in name map.)
(Residue 177: ASP, Nonterminal, was not found in name map.)
(Residue 178: GLY, Nonterminal, was not found in name map.)
(Residue 179: ILE, Nonterminal, was not found in name map.)
(Residue 180: ALA, Nonterminal, was not found in name map.)
(Residue 181: ALA, Nonterminal, was not found in name map.)
(Residue 182: PHE, Nonterminal, was not found in name map.)
(Residue 183: VAL, Nonterminal, was not found in name map.)
(Residue 184: GLN, Nonterminal, was not found in name map.)
(Residue 185: ARG, Nonterminal, was not found in name map.)
(Residue 186: LEU, Nonterminal, was not found in name map.)
(Residue 187: PRO, Nonterminal, was not found in name map.)
(Residue 188: GLY, Nonterminal, was not found in name map.)
(Residue 189: ALA, Nonterminal, was not found in name map.)
(Residue 190: ILE, Nonterminal, was not found in name map.)
(Residue 191: GLY, Nonterminal, was not found in name map.)
(Residue 192: TYR, Nonterminal, was not found in name map.)
(Residue 193: VAL, Nonterminal, was not found in name map.)
(Residue 194: GLU, Nonterminal, was not found in name map.)
(Residue 195: TYR, Nonterminal, was not found in name map.)
(Residue 196: ALA, Nonterminal, was not found in name map.)
(Residue 197: TYR, Nonterminal, was not found in name map.)
(Residue 198: ALA, Nonterminal, was not found in name map.)
(Residue 199: LYS, Nonterminal, was not found in name map.)
(Residue 200: GLN, Nonterminal, was not found in name map.)
(Residue 201: ASN, Nonterminal, was not found in name map.)
(Residue 202: ASN, Nonterminal, was not found in name map.)
(Residue 203: LEU, Nonterminal, was not found in name map.)
(Residue 204: ALA, Nonterminal, was not found in name map.)
(Residue 205: TYR, Nonterminal, was not found in name map.)
(Residue 206: THR, Nonterminal, was not found in name map.)
(Residue 207: LYS, Nonterminal, was not found in name map.)
(Residue 208: LEU, Nonterminal, was not found in name map.)
(Residue 209: ILE, Nonterminal, was not found in name map.)
(Residue 210: SER, Nonterminal, was not found in name map.)
(Residue 211: ALA, Nonterminal, was not found in name map.)
(Residue 212: ASP, Nonterminal, was not found in name map.)
(Residue 213: GLY, Nonterminal, was not found in name map.)
(Residue 214: LYS, Nonterminal, was not found in name map.)
(Residue 215: PRO, Nonterminal, was not found in name map.)
(Residue 216: VAL, Nonterminal, was not found in name map.)
(Residue 217: SER, Nonterminal, was not found in name map.)
(Residue 218: PRO, Nonterminal, was not found in name map.)
(Residue 219: THR, Nonterminal, was not found in name map.)
(Residue 220: GLU, Nonterminal, was not found in name map.)
(Residue 221: GLU, Nonterminal, was not found in name map.)
(Residue 222: ASN, Nonterminal, was not found in name map.)
(Residue 223: PHE, Nonterminal, was not found in name map.)
(Residue 224: ALA, Nonterminal, was not found in name map.)
(Residue 225: ASN, Nonterminal, was not found in name map.)
(Residue 226: ALA, Nonterminal, was not found in name map.)
(Residue 227: ALA, Nonterminal, was not found in name map.)
(Residue 228: LYS, Nonterminal, was not found in name map.)
(Residue 229: GLY, Nonterminal, was not found in name map.)
(Residue 230: ALA, Nonterminal, was not found in name map.)
(Residue 231: ASP, Nonterminal, was not found in name map.)
(Residue 232: TRP, Nonterminal, was not found in name map.)
(Residue 233: SER, Nonterminal, was not found in name map.)
(Residue 234: LYS, Nonterminal, was not found in name map.)
(Residue 235: THR, Nonterminal, was not found in name map.)
(Residue 236: PHE, Nonterminal, was not found in name map.)
(Residue 237: ALA, Nonterminal, was not found in name map.)
(Residue 238: GLN, Nonterminal, was not found in name map.)
(Residue 239: ASP, Nonterminal, was not found in name map.)
(Residue 240: LEU, Nonterminal, was not found in name map.)
(Residue 241: THR, Nonterminal, was not found in name map.)
(Residue 242: ASN, Nonterminal, was not found in name map.)
(Residue 243: GLN, Nonterminal, was not found in name map.)
(Residue 244: LYS, Nonterminal, was not found in name map.)
(Residue 245: GLY, Nonterminal, was not found in name map.)
(Residue 246: GLU, Nonterminal, was not found in name map.)
(Residue 247: ASP, Nonterminal, was not found in name map.)
(Residue 248: ALA, Nonterminal, was not found in name map.)
(Residue 249: TRP, Nonterminal, was not found in name map.)
(Residue 250: PRO, Nonterminal, was not found in name map.)
(Residue 251: ILE, Nonterminal, was not found in name map.)
(Residue 252: THR, Nonterminal, was not found in name map.)
(Residue 253: SER, Nonterminal, was not found in name map.)
(Residue 254: THR, Nonterminal, was not found in name map.)
(Residue 255: THR, Nonterminal, was not found in name map.)
(Residue 256: PHE, Nonterminal, was not found in name map.)
(Residue 257: ILE, Nonterminal, was not found in name map.)
(Residue 258: LEU, Nonterminal, was not found in name map.)
(Residue 259: ILE, Nonterminal, was not found in name map.)
(Residue 260: HIS, Nonterminal, was not found in name map.)
(Residue 261: LYS, Nonterminal, was not found in name map.)
(Residue 262: ASP, Nonterminal, was not found in name map.)
(Residue 263: GLN, Nonterminal, was not found in name map.)
(Residue 264: LYS, Nonterminal, was not found in name map.)
(Residue 265: LYS, Nonterminal, was not found in name map.)
(Residue 266: PRO, Nonterminal, was not found in name map.)
(Residue 267: GLU, Nonterminal, was not found in name map.)
(Residue 268: GLN, Nonterminal, was not found in name map.)
(Residue 269: GLY, Nonterminal, was not found in name map.)
(Residue 270: THR, Nonterminal, was not found in name map.)
(Residue 271: GLU, Nonterminal, was not found in name map.)
(Residue 272: VAL, Nonterminal, was not found in name map.)
(Residue 273: LEU, Nonterminal, was not found in name map.)
(Residue 274: LYS, Nonterminal, was not found in name map.)
(Residue 275: PHE, Nonterminal, was not found in name map.)
(Residue 276: PHE, Nonterminal, was not found in name map.)
(Residue 277: ASP, Nonterminal, was not found in name map.)
(Residue 278: TRP, Nonterminal, was not found in name map.)
(Residue 279: ALA, Nonterminal, was not found in name map.)
(Residue 280: TYR, Nonterminal, was not found in name map.)
(Residue 281: LYS, Nonterminal, was not found in name map.)
(Residue 282: THR, Nonterminal, was not found in name map.)
(Residue 283: GLY, Nonterminal, was not found in name map.)
(Residue 284: ALA, Nonterminal, was not found in name map.)
(Residue 285: LYS, Nonterminal, was not found in name map.)
(Residue 286: GLN, Nonterminal, was not found in name map.)
(Residue 287: ALA, Nonterminal, was not found in name map.)
(Residue 288: ASN, Nonterminal, was not found in name map.)
(Residue 289: ASP, Nonterminal, was not found in name map.)
(Residue 290: LEU, Nonterminal, was not found in name map.)
(Residue 291: ASP, Nonterminal, was not found in name map.)
(Residue 292: TYR, Nonterminal, was not found in name map.)
(Residue 293: ALA, Nonterminal, was not found in name map.)
(Residue 294: SER, Nonterminal, was not found in name map.)
(Residue 295: LEU, Nonterminal, was not found in name map.)
(Residue 296: PRO, Nonterminal, was not found in name map.)
(Residue 297: ASP, Nonterminal, was not found in name map.)
(Residue 298: SER, Nonterminal, was not found in name map.)
(Residue 299: VAL, Nonterminal, was not found in name map.)
(Residue 300: VAL, Nonterminal, was not found in name map.)
(Residue 301: GLU, Nonterminal, was not found in name map.)
(Residue 302: GLN, Nonterminal, was not found in name map.)
(Residue 303: VAL, Nonterminal, was not found in name map.)
(Residue 304: ARG, Nonterminal, was not found in name map.)
(Residue 305: ALA, Nonterminal, was not found in name map.)
(Residue 306: ALA, Nonterminal, was not found in name map.)
(Residue 307: TRP, Nonterminal, was not found in name map.)
(Residue 308: LYS, Nonterminal, was not found in name map.)
(Residue 309: THR, Nonterminal, was not found in name map.)
(Residue 310: ASN, Nonterminal, was not found in name map.)
(Residue 311: ILE, Nonterminal, was not found in name map.)
(Residue 312: LYS, Nonterminal, was not found in name map.)
(Residue 313: ASP, Nonterminal, was not found in name map.)
(Residue 314: SER, Nonterminal, was not found in name map.)
(Residue 315: SER, Nonterminal, was not found in name map.)
(Residue 316: GLY, Nonterminal, was not found in name map.)
(Residue 317: LYS, Nonterminal, was not found in name map.)
(Residue 318: PRO, Nonterminal, was not found in name map.)
(Residue 319: LEU, Nonterminal, was not found in name map.)
Mapped residue TYR, term: Terminal/last, seq. number: 320 to: CTYR.
Joining NGLU - ALA
Joining ALA - SER
Joining SER - LEU
Joining LEU - THR
Joining THR - GLY
Joining GLY - ALA
Joining ALA - GLY
Joining GLY - ALA
Joining ALA - THR
Joining THR - PHE
Joining PHE - PRO
Joining PRO - ALA
Joining ALA - PRO
Joining PRO - VAL
Joining VAL - TYR
Joining TYR - ALA
Joining ALA - LYS
Joining LYS - TRP
Joining TRP - ALA
Joining ALA - ASP
Joining ASP - THR
Joining THR - TYR
Joining TYR - GLN
Joining GLN - LYS
Joining LYS - GLU
Joining GLU - THR
Joining THR - GLY
Joining GLY - ASN
Joining ASN - LYS
Joining LYS - VAL
Joining VAL - ASN
Joining ASN - TYR
Joining TYR - GLN
Joining GLN - GLY
Joining GLY - ILE
Joining ILE - GLY
Joining GLY - SER
Joining SER - SER
Joining SER - GLY
Joining GLY - GLY
Joining GLY - VAL
Joining VAL - LYS
Joining LYS - GLN
Joining GLN - ILE
Joining ILE - ILE
Joining ILE - ALA
Joining ALA - ASN
Joining ASN - THR
Joining THR - VAL
Joining VAL - ASP
Joining ASP - PHE
Joining PHE - GLY
Joining GLY - ALA
Joining ALA - SER
Joining SER - ASP
Joining ASP - ALA
Joining ALA - PRO
Joining PRO - LEU
Joining LEU - SER
Joining SER - ASP
Joining ASP - GLU
Joining GLU - LYS
Joining LYS - LEU
Joining LEU - ALA
Joining ALA - GLN
Joining GLN - GLU
Joining GLU - GLY
Joining GLY - LEU
Joining LEU - PHE
Joining PHE - GLN
Joining GLN - PHE
Joining PHE - PRO
Joining PRO - THR
Joining THR - VAL
Joining VAL - ILE
Joining ILE - GLY
Joining GLY - GLY
Joining GLY - VAL
Joining VAL - VAL
Joining VAL - LEU
Joining LEU - ALA
Joining ALA - VAL
Joining VAL - ASN
Joining ASN - ILE
Joining ILE - PRO
Joining PRO - GLY
Joining GLY - LEU
Joining LEU - LYS
Joining LYS - SER
Joining SER - GLY
Joining GLY - GLU
Joining GLU - LEU
Joining LEU - VAL
Joining VAL - LEU
Joining LEU - ASP
Joining ASP - GLY
Joining GLY - LYS
Joining LYS - THR
Joining THR - LEU
Joining LEU - GLY
Joining GLY - ASP
Joining ASP - ILE
Joining ILE - TYR
Joining TYR - LEU
Joining LEU - GLY
Joining GLY - LYS
Joining LYS - ILE
Joining ILE - LYS
Joining LYS - LYS
Joining LYS - TRP
Joining TRP - ASP
Joining ASP - ASP
Joining ASP - GLU
Joining GLU - ALA
Joining ALA - ILE
Joining ILE - ALA
Joining ALA - LYS
Joining LYS - LEU
Joining LEU - ASN
Joining ASN - PRO
Joining PRO - GLY
Joining GLY - LEU
Joining LEU - LYS
Joining LYS - LEU
Joining LEU - PRO
Joining PRO - SER
Joining SER - GLN
Joining GLN - ASN
Joining ASN - ILE
Joining ILE - ALA
Joining ALA - VAL
Joining VAL - VAL
Joining VAL - ARG
Joining ARG - ARG
Joining ARG - ALA
Joining ALA - ASP
Joining ASP - GLY
Joining GLY - SER
Joining SER - GLY
Joining GLY - THR
Joining THR - SER
Joining SER - PHE
Joining PHE - VAL
Joining VAL - PHE
Joining PHE - THR
Joining THR - SER
Joining SER - TYR
Joining TYR - LEU
Joining LEU - ALA
Joining ALA - LYS
Joining LYS - VAL
Joining VAL - ASN
Joining ASN - GLU
Joining GLU - GLU
Joining GLU - TRP
Joining TRP - LYS
Joining LYS - ASN
Joining ASN - ASN
Joining ASN - VAL
Joining VAL - GLY
Joining GLY - THR
Joining THR - GLY
Joining GLY - SER
Joining SER - THR
Joining THR - VAL
Joining VAL - LYS
Joining LYS - TRP
Joining TRP - PRO
Joining PRO - ILE
Joining ILE - GLY
Joining GLY - LEU
Joining LEU - GLY
Joining GLY - GLY
Joining GLY - LYS
Joining LYS - GLY
Joining GLY - ASN
Joining ASN - ASP
Joining ASP - GLY
Joining GLY - ILE
Joining ILE - ALA
Joining ALA - ALA
Joining ALA - PHE
Joining PHE - VAL
Joining VAL - GLN
Joining GLN - ARG
Joining ARG - LEU
Joining LEU - PRO
Joining PRO - GLY
Joining GLY - ALA
Joining ALA - ILE
Joining ILE - GLY
Joining GLY - TYR
Joining TYR - VAL
Joining VAL - GLU
Joining GLU - TYR
Joining TYR - ALA
Joining ALA - TYR
Joining TYR - ALA
Joining ALA - LYS
Joining LYS - GLN
Joining GLN - ASN
Joining ASN - ASN
Joining ASN - LEU
Joining LEU - ALA
Joining ALA - TYR
Joining TYR - THR
Joining THR - LYS
Joining LYS - LEU
Joining LEU - ILE
Joining ILE - SER
Joining SER - ALA
Joining ALA - ASP
Joining ASP - GLY
Joining GLY - LYS
Joining LYS - PRO
Joining PRO - VAL
Joining VAL - SER
Joining SER - PRO
Joining PRO - THR
Joining THR - GLU
Joining GLU - GLU
Joining GLU - ASN
Joining ASN - PHE
Joining PHE - ALA
Joining ALA - ASN
Joining ASN - ALA
Joining ALA - ALA
Joining ALA - LYS
Joining LYS - GLY
Joining GLY - ALA
Joining ALA - ASP
Joining ASP - TRP
Joining TRP - SER
Joining SER - LYS
Joining LYS - THR
Joining THR - PHE
Joining PHE - ALA
Joining ALA - GLN
Joining GLN - ASP
Joining ASP - LEU
Joining LEU - THR
Joining THR - ASN
Joining ASN - GLN
Joining GLN - LYS
Joining LYS - GLY
Joining GLY - GLU
Joining GLU - ASP
Joining ASP - ALA
Joining ALA - TRP
Joining TRP - PRO
Joining PRO - ILE
Joining ILE - THR
Joining THR - SER
Joining SER - THR
Joining THR - THR
Joining THR - PHE
Joining PHE - ILE
Joining ILE - LEU
Joining LEU - ILE
Joining ILE - HIE
Joining HIE - LYS
Joining LYS - ASP
Joining ASP - GLN
Joining GLN - LYS
Joining LYS - LYS
Joining LYS - PRO
Joining PRO - GLU
Joining GLU - GLN
Joining GLN - GLY
Joining GLY - THR
Joining THR - GLU
Joining GLU - VAL
Joining VAL - LEU
Joining LEU - LYS
Joining LYS - PHE
Joining PHE - PHE
Joining PHE - ASP
Joining ASP - TRP
Joining TRP - ALA
Joining ALA - TYR
Joining TYR - LYS
Joining LYS - THR
Joining THR - GLY
Joining GLY - ALA
Joining ALA - LYS
Joining LYS - GLN
Joining GLN - ALA
Joining ALA - ASN
Joining ASN - ASP
Joining ASP - LEU
Joining LEU - ASP
Joining ASP - TYR
Joining TYR - ALA
Joining ALA - SER
Joining SER - LEU
Joining LEU - PRO
Joining PRO - ASP
Joining ASP - SER
Joining SER - VAL
Joining VAL - VAL
Joining VAL - GLU
Joining GLU - GLN
Joining GLN - VAL
Joining VAL - ARG
Joining ARG - ALA
Joining ALA - ALA
Joining ALA - TRP
Joining TRP - LYS
Joining LYS - THR
Joining THR - ASN
Joining ASN - ILE
Joining ILE - LYS
Joining LYS - ASP
Joining ASP - SER
Joining SER - SER
Joining SER - GLY
Joining GLY - LYS
Joining LYS - PRO
Joining PRO - LEU
Joining LEU - CTYR
  total atoms in file: 2438
  Leap added 2417 missing atoms according to residue templates:
       2417 H / lone pairs
> 1IXH = loadpdb 1IXH.pdb
Loading PDB file: ./1IXH.pdb
Enter zPdbReadScan from call depth  0.
Exit  zPdbReadScan from call depth  0.
Matching PDB residue names to LEaP variables.
Mapped residue GLU, term: Terminal/beginning, seq. number: 0 to: NGLU.
(Residue 1: ALA, Nonterminal, was not found in name map.)
(Residue 2: SER, Nonterminal, was not found in name map.)
(Residue 3: LEU, Nonterminal, was not found in name map.)
(Residue 4: THR, Nonterminal, was not found in name map.)
(Residue 5: GLY, Nonterminal, was not found in name map.)
(Residue 6: ALA, Nonterminal, was not found in name map.)
(Residue 7: GLY, Nonterminal, was not found in name map.)
(Residue 8: ALA, Nonterminal, was not found in name map.)
(Residue 9: THR, Nonterminal, was not found in name map.)
(Residue 10: PHE, Nonterminal, was not found in name map.)
(Residue 11: PRO, Nonterminal, was not found in name map.)
(Residue 12: ALA, Nonterminal, was not found in name map.)
(Residue 13: PRO, Nonterminal, was not found in name map.)
(Residue 14: VAL, Nonterminal, was not found in name map.)
(Residue 15: TYR, Nonterminal, was not found in name map.)
(Residue 16: ALA, Nonterminal, was not found in name map.)
(Residue 17: LYS, Nonterminal, was not found in name map.)
(Residue 18: TRP, Nonterminal, was not found in name map.)
(Residue 19: ALA, Nonterminal, was not found in name map.)
(Residue 20: ASP, Nonterminal, was not found in name map.)
(Residue 21: THR, Nonterminal, was not found in name map.)
(Residue 22: TYR, Nonterminal, was not found in name map.)
(Residue 23: GLN, Nonterminal, was not found in name map.)
(Residue 24: LYS, Nonterminal, was not found in name map.)
(Residue 25: GLU, Nonterminal, was not found in name map.)
(Residue 26: THR, Nonterminal, was not found in name map.)
(Residue 27: GLY, Nonterminal, was not found in name map.)
(Residue 28: ASN, Nonterminal, was not found in name map.)
(Residue 29: LYS, Nonterminal, was not found in name map.)
(Residue 30: VAL, Nonterminal, was not found in name map.)
(Residue 31: ASN, Nonterminal, was not found in name map.)
(Residue 32: TYR, Nonterminal, was not found in name map.)
(Residue 33: GLN, Nonterminal, was not found in name map.)
(Residue 34: GLY, Nonterminal, was not found in name map.)
(Residue 35: ILE, Nonterminal, was not found in name map.)
(Residue 36: GLY, Nonterminal, was not found in name map.)
(Residue 37: SER, Nonterminal, was not found in name map.)
(Residue 38: SER, Nonterminal, was not found in name map.)
(Residue 39: GLY, Nonterminal, was not found in name map.)
(Residue 40: GLY, Nonterminal, was not found in name map.)
(Residue 41: VAL, Nonterminal, was not found in name map.)
(Residue 42: LYS, Nonterminal, was not found in name map.)
(Residue 43: GLN, Nonterminal, was not found in name map.)
(Residue 44: ILE, Nonterminal, was not found in name map.)
(Residue 45: ILE, Nonterminal, was not found in name map.)
(Residue 46: ALA, Nonterminal, was not found in name map.)
(Residue 47: ASN, Nonterminal, was not found in name map.)
(Residue 48: THR, Nonterminal, was not found in name map.)
(Residue 49: VAL, Nonterminal, was not found in name map.)
(Residue 50: ASP, Nonterminal, was not found in name map.)
(Residue 51: PHE, Nonterminal, was not found in name map.)
(Residue 52: GLY, Nonterminal, was not found in name map.)
(Residue 53: ALA, Nonterminal, was not found in name map.)
(Residue 54: SER, Nonterminal, was not found in name map.)
(Residue 55: ASP, Nonterminal, was not found in name map.)
(Residue 56: ALA, Nonterminal, was not found in name map.)
(Residue 57: PRO, Nonterminal, was not found in name map.)
(Residue 58: LEU, Nonterminal, was not found in name map.)
(Residue 59: SER, Nonterminal, was not found in name map.)
(Residue 60: ASP, Nonterminal, was not found in name map.)
(Residue 61: GLU, Nonterminal, was not found in name map.)
(Residue 62: LYS, Nonterminal, was not found in name map.)
(Residue 63: LEU, Nonterminal, was not found in name map.)
(Residue 64: ALA, Nonterminal, was not found in name map.)
(Residue 65: GLN, Nonterminal, was not found in name map.)
(Residue 66: GLU, Nonterminal, was not found in name map.)
(Residue 67: GLY, Nonterminal, was not found in name map.)
(Residue 68: LEU, Nonterminal, was not found in name map.)
(Residue 69: PHE, Nonterminal, was not found in name map.)
(Residue 70: GLN, Nonterminal, was not found in name map.)
(Residue 71: PHE, Nonterminal, was not found in name map.)
(Residue 72: PRO, Nonterminal, was not found in name map.)
(Residue 73: THR, Nonterminal, was not found in name map.)
(Residue 74: VAL, Nonterminal, was not found in name map.)
(Residue 75: ILE, Nonterminal, was not found in name map.)
(Residue 76: GLY, Nonterminal, was not found in name map.)
(Residue 77: GLY, Nonterminal, was not found in name map.)
(Residue 78: VAL, Nonterminal, was not found in name map.)
(Residue 79: VAL, Nonterminal, was not found in name map.)
(Residue 80: LEU, Nonterminal, was not found in name map.)
(Residue 81: ALA, Nonterminal, was not found in name map.)
(Residue 82: VAL, Nonterminal, was not found in name map.)
(Residue 83: ASN, Nonterminal, was not found in name map.)
(Residue 84: ILE, Nonterminal, was not found in name map.)
(Residue 85: PRO, Nonterminal, was not found in name map.)
(Residue 86: GLY, Nonterminal, was not found in name map.)
(Residue 87: LEU, Nonterminal, was not found in name map.)
(Residue 88: LYS, Nonterminal, was not found in name map.)
(Residue 89: SER, Nonterminal, was not found in name map.)
(Residue 90: GLY, Nonterminal, was not found in name map.)
(Residue 91: GLU, Nonterminal, was not found in name map.)
(Residue 92: LEU, Nonterminal, was not found in name map.)
(Residue 93: VAL, Nonterminal, was not found in name map.)
(Residue 94: LEU, Nonterminal, was not found in name map.)
(Residue 95: ASP, Nonterminal, was not found in name map.)
(Residue 96: GLY, Nonterminal, was not found in name map.)
(Residue 97: LYS, Nonterminal, was not found in name map.)
(Residue 98: THR, Nonterminal, was not found in name map.)
(Residue 99: LEU, Nonterminal, was not found in name map.)
(Residue 100: GLY, Nonterminal, was not found in name map.)
(Residue 101: ASP, Nonterminal, was not found in name map.)
(Residue 102: ILE, Nonterminal, was not found in name map.)
(Residue 103: TYR, Nonterminal, was not found in name map.)
(Residue 104: LEU, Nonterminal, was not found in name map.)
(Residue 105: GLY, Nonterminal, was not found in name map.)
(Residue 106: LYS, Nonterminal, was not found in name map.)
(Residue 107: ILE, Nonterminal, was not found in name map.)
(Residue 108: LYS, Nonterminal, was not found in name map.)
(Residue 109: LYS, Nonterminal, was not found in name map.)
(Residue 110: TRP, Nonterminal, was not found in name map.)
(Residue 111: ASP, Nonterminal, was not found in name map.)
(Residue 112: ASP, Nonterminal, was not found in name map.)
(Residue 113: GLU, Nonterminal, was not found in name map.)
(Residue 114: ALA, Nonterminal, was not found in name map.)
(Residue 115: ILE, Nonterminal, was not found in name map.)
(Residue 116: ALA, Nonterminal, was not found in name map.)
(Residue 117: LYS, Nonterminal, was not found in name map.)
(Residue 118: LEU, Nonterminal, was not found in name map.)
(Residue 119: ASN, Nonterminal, was not found in name map.)
(Residue 120: PRO, Nonterminal, was not found in name map.)
(Residue 121: GLY, Nonterminal, was not found in name map.)
(Residue 122: LEU, Nonterminal, was not found in name map.)
(Residue 123: LYS, Nonterminal, was not found in name map.)
(Residue 124: LEU, Nonterminal, was not found in name map.)
(Residue 125: PRO, Nonterminal, was not found in name map.)
(Residue 126: SER, Nonterminal, was not found in name map.)
(Residue 127: GLN, Nonterminal, was not found in name map.)
(Residue 128: ASN, Nonterminal, was not found in name map.)
(Residue 129: ILE, Nonterminal, was not found in name map.)
(Residue 130: ALA, Nonterminal, was not found in name map.)
(Residue 131: VAL, Nonterminal, was not found in name map.)
(Residue 132: VAL, Nonterminal, was not found in name map.)
(Residue 133: ARG, Nonterminal, was not found in name map.)
(Residue 134: ARG, Nonterminal, was not found in name map.)
(Residue 135: ALA, Nonterminal, was not found in name map.)
(Residue 136: ASP, Nonterminal, was not found in name map.)
(Residue 137: GLY, Nonterminal, was not found in name map.)
(Residue 138: SER, Nonterminal, was not found in name map.)
(Residue 139: GLY, Nonterminal, was not found in name map.)
(Residue 140: THR, Nonterminal, was not found in name map.)
(Residue 141: SER, Nonterminal, was not found in name map.)
(Residue 142: PHE, Nonterminal, was not found in name map.)
(Residue 143: VAL, Nonterminal, was not found in name map.)
(Residue 144: PHE, Nonterminal, was not found in name map.)
(Residue 145: THR, Nonterminal, was not found in name map.)
(Residue 146: SER, Nonterminal, was not found in name map.)
(Residue 147: TYR, Nonterminal, was not found in name map.)
(Residue 148: LEU, Nonterminal, was not found in name map.)
(Residue 149: ALA, Nonterminal, was not found in name map.)
(Residue 150: LYS, Nonterminal, was not found in name map.)
(Residue 151: VAL, Nonterminal, was not found in name map.)
(Residue 152: ASN, Nonterminal, was not found in name map.)
(Residue 153: GLU, Nonterminal, was not found in name map.)
(Residue 154: GLU, Nonterminal, was not found in name map.)
(Residue 155: TRP, Nonterminal, was not found in name map.)
(Residue 156: LYS, Nonterminal, was not found in name map.)
(Residue 157: ASN, Nonterminal, was not found in name map.)
(Residue 158: ASN, Nonterminal, was not found in name map.)
(Residue 159: VAL, Nonterminal, was not found in name map.)
(Residue 160: GLY, Nonterminal, was not found in name map.)
(Residue 161: THR, Nonterminal, was not found in name map.)
(Residue 162: GLY, Nonterminal, was not found in name map.)
(Residue 163: SER, Nonterminal, was not found in name map.)
(Residue 164: THR, Nonterminal, was not found in name map.)
(Residue 165: VAL, Nonterminal, was not found in name map.)
(Residue 166: LYS, Nonterminal, was not found in name map.)
(Residue 167: TRP, Nonterminal, was not found in name map.)
(Residue 168: PRO, Nonterminal, was not found in name map.)
(Residue 169: ILE, Nonterminal, was not found in name map.)
(Residue 170: GLY, Nonterminal, was not found in name map.)
(Residue 171: LEU, Nonterminal, was not found in name map.)
(Residue 172: GLY, Nonterminal, was not found in name map.)
(Residue 173: GLY, Nonterminal, was not found in name map.)
(Residue 174: LYS, Nonterminal, was not found in name map.)
(Residue 175: GLY, Nonterminal, was not found in name map.)
(Residue 176: ASN, Nonterminal, was not found in name map.)
(Residue 177: ASP, Nonterminal, was not found in name map.)
(Residue 178: GLY, Nonterminal, was not found in name map.)
(Residue 179: ILE, Nonterminal, was not found in name map.)
(Residue 180: ALA, Nonterminal, was not found in name map.)
(Residue 181: ALA, Nonterminal, was not found in name map.)
(Residue 182: PHE, Nonterminal, was not found in name map.)
(Residue 183: VAL, Nonterminal, was not found in name map.)
(Residue 184: GLN, Nonterminal, was not found in name map.)
(Residue 185: ARG, Nonterminal, was not found in name map.)
(Residue 186: LEU, Nonterminal, was not found in name map.)
(Residue 187: PRO, Nonterminal, was not found in name map.)
(Residue 188: GLY, Nonterminal, was not found in name map.)
(Residue 189: ALA, Nonterminal, was not found in name map.)
(Residue 190: ILE, Nonterminal, was not found in name map.)
(Residue 191: GLY, Nonterminal, was not found in name map.)
(Residue 192: TYR, Nonterminal, was not found in name map.)
(Residue 193: VAL, Nonterminal, was not found in name map.)
(Residue 194: GLU, Nonterminal, was not found in name map.)
(Residue 195: TYR, Nonterminal, was not found in name map.)
(Residue 196: ALA, Nonterminal, was not found in name map.)
(Residue 197: TYR, Nonterminal, was not found in name map.)
(Residue 198: ALA, Nonterminal, was not found in name map.)
(Residue 199: LYS, Nonterminal, was not found in name map.)
(Residue 200: GLN, Nonterminal, was not found in name map.)
(Residue 201: ASN, Nonterminal, was not found in name map.)
(Residue 202: ASN, Nonterminal, was not found in name map.)
(Residue 203: LEU, Nonterminal, was not found in name map.)
(Residue 204: ALA, Nonterminal, was not found in name map.)
(Residue 205: TYR, Nonterminal, was not found in name map.)
(Residue 206: THR, Nonterminal, was not found in name map.)
(Residue 207: LYS, Nonterminal, was not found in name map.)
(Residue 208: LEU, Nonterminal, was not found in name map.)
(Residue 209: ILE, Nonterminal, was not found in name map.)
(Residue 210: SER, Nonterminal, was not found in name map.)
(Residue 211: ALA, Nonterminal, was not found in name map.)
(Residue 212: ASP, Nonterminal, was not found in name map.)
(Residue 213: GLY, Nonterminal, was not found in name map.)
(Residue 214: LYS, Nonterminal, was not found in name map.)
(Residue 215: PRO, Nonterminal, was not found in name map.)
(Residue 216: VAL, Nonterminal, was not found in name map.)
(Residue 217: SER, Nonterminal, was not found in name map.)
(Residue 218: PRO, Nonterminal, was not found in name map.)
(Residue 219: THR, Nonterminal, was not found in name map.)
(Residue 220: GLU, Nonterminal, was not found in name map.)
(Residue 221: GLU, Nonterminal, was not found in name map.)
(Residue 222: ASN, Nonterminal, was not found in name map.)
(Residue 223: PHE, Nonterminal, was not found in name map.)
(Residue 224: ALA, Nonterminal, was not found in name map.)
(Residue 225: ASN, Nonterminal, was not found in name map.)
(Residue 226: ALA, Nonterminal, was not found in name map.)
(Residue 227: ALA, Nonterminal, was not found in name map.)
(Residue 228: LYS, Nonterminal, was not found in name map.)
(Residue 229: GLY, Nonterminal, was not found in name map.)
(Residue 230: ALA, Nonterminal, was not found in name map.)
(Residue 231: ASP, Nonterminal, was not found in name map.)
(Residue 232: TRP, Nonterminal, was not found in name map.)
(Residue 233: SER, Nonterminal, was not found in name map.)
(Residue 234: LYS, Nonterminal, was not found in name map.)
(Residue 235: THR, Nonterminal, was not found in name map.)
(Residue 236: PHE, Nonterminal, was not found in name map.)
(Residue 237: ALA, Nonterminal, was not found in name map.)
(Residue 238: GLN, Nonterminal, was not found in name map.)
(Residue 239: ASP, Nonterminal, was not found in name map.)
(Residue 240: LEU, Nonterminal, was not found in name map.)
(Residue 241: THR, Nonterminal, was not found in name map.)
(Residue 242: ASN, Nonterminal, was not found in name map.)
(Residue 243: GLN, Nonterminal, was not found in name map.)
(Residue 244: LYS, Nonterminal, was not found in name map.)
(Residue 245: GLY, Nonterminal, was not found in name map.)
(Residue 246: GLU, Nonterminal, was not found in name map.)
(Residue 247: ASP, Nonterminal, was not found in name map.)
(Residue 248: ALA, Nonterminal, was not found in name map.)
(Residue 249: TRP, Nonterminal, was not found in name map.)
(Residue 250: PRO, Nonterminal, was not found in name map.)
(Residue 251: ILE, Nonterminal, was not found in name map.)
(Residue 252: THR, Nonterminal, was not found in name map.)
(Residue 253: SER, Nonterminal, was not found in name map.)
(Residue 254: THR, Nonterminal, was not found in name map.)
(Residue 255: THR, Nonterminal, was not found in name map.)
(Residue 256: PHE, Nonterminal, was not found in name map.)
(Residue 257: ILE, Nonterminal, was not found in name map.)
(Residue 258: LEU, Nonterminal, was not found in name map.)
(Residue 259: ILE, Nonterminal, was not found in name map.)
(Residue 260: HIS, Nonterminal, was not found in name map.)
(Residue 261: LYS, Nonterminal, was not found in name map.)
(Residue 262: ASP, Nonterminal, was not found in name map.)
(Residue 263: GLN, Nonterminal, was not found in name map.)
(Residue 264: LYS, Nonterminal, was not found in name map.)
(Residue 265: LYS, Nonterminal, was not found in name map.)
(Residue 266: PRO, Nonterminal, was not found in name map.)
(Residue 267: GLU, Nonterminal, was not found in name map.)
(Residue 268: GLN, Nonterminal, was not found in name map.)
(Residue 269: GLY, Nonterminal, was not found in name map.)
(Residue 270: THR, Nonterminal, was not found in name map.)
(Residue 271: GLU, Nonterminal, was not found in name map.)
(Residue 272: VAL, Nonterminal, was not found in name map.)
(Residue 273: LEU, Nonterminal, was not found in name map.)
(Residue 274: LYS, Nonterminal, was not found in name map.)
(Residue 275: PHE, Nonterminal, was not found in name map.)
(Residue 276: PHE, Nonterminal, was not found in name map.)
(Residue 277: ASP, Nonterminal, was not found in name map.)
(Residue 278: TRP, Nonterminal, was not found in name map.)
(Residue 279: ALA, Nonterminal, was not found in name map.)
(Residue 280: TYR, Nonterminal, was not found in name map.)
(Residue 281: LYS, Nonterminal, was not found in name map.)
(Residue 282: THR, Nonterminal, was not found in name map.)
(Residue 283: GLY, Nonterminal, was not found in name map.)
(Residue 284: ALA, Nonterminal, was not found in name map.)
(Residue 285: LYS, Nonterminal, was not found in name map.)
(Residue 286: GLN, Nonterminal, was not found in name map.)
(Residue 287: ALA, Nonterminal, was not found in name map.)
(Residue 288: ASN, Nonterminal, was not found in name map.)
(Residue 289: ASP, Nonterminal, was not found in name map.)
(Residue 290: LEU, Nonterminal, was not found in name map.)
(Residue 291: ASP, Nonterminal, was not found in name map.)
(Residue 292: TYR, Nonterminal, was not found in name map.)
(Residue 293: ALA, Nonterminal, was not found in name map.)
(Residue 294: SER, Nonterminal, was not found in name map.)
(Residue 295: LEU, Nonterminal, was not found in name map.)
(Residue 296: PRO, Nonterminal, was not found in name map.)
(Residue 297: ASP, Nonterminal, was not found in name map.)
(Residue 298: SER, Nonterminal, was not found in name map.)
(Residue 299: VAL, Nonterminal, was not found in name map.)
(Residue 300: VAL, Nonterminal, was not found in name map.)
(Residue 301: GLU, Nonterminal, was not found in name map.)
(Residue 302: GLN, Nonterminal, was not found in name map.)
(Residue 303: VAL, Nonterminal, was not found in name map.)
(Residue 304: ARG, Nonterminal, was not found in name map.)
(Residue 305: ALA, Nonterminal, was not found in name map.)
(Residue 306: ALA, Nonterminal, was not found in name map.)
(Residue 307: TRP, Nonterminal, was not found in name map.)
(Residue 308: LYS, Nonterminal, was not found in name map.)
(Residue 309: THR, Nonterminal, was not found in name map.)
(Residue 310: ASN, Nonterminal, was not found in name map.)
(Residue 311: ILE, Nonterminal, was not found in name map.)
(Residue 312: LYS, Nonterminal, was not found in name map.)
(Residue 313: ASP, Nonterminal, was not found in name map.)
(Residue 314: SER, Nonterminal, was not found in name map.)
(Residue 315: SER, Nonterminal, was not found in name map.)
(Residue 316: GLY, Nonterminal, was not found in name map.)
(Residue 317: LYS, Nonterminal, was not found in name map.)
(Residue 318: PRO, Nonterminal, was not found in name map.)
(Residue 319: LEU, Nonterminal, was not found in name map.)
Mapped residue TYR, term: Terminal/last, seq. number: 320 to: CTYR.
Joining NGLU - ALA
Joining ALA - SER
Joining SER - LEU
Joining LEU - THR
Joining THR - GLY
Joining GLY - ALA
Joining ALA - GLY
Joining GLY - ALA
Joining ALA - THR
Joining THR - PHE
Joining PHE - PRO
Joining PRO - ALA
Joining ALA - PRO
Joining PRO - VAL
Joining VAL - TYR
Joining TYR - ALA
Joining ALA - LYS
Joining LYS - TRP
Joining TRP - ALA
Joining ALA - ASP
Joining ASP - THR
Joining THR - TYR
Joining TYR - GLN
Joining GLN - LYS
Joining LYS - GLU
Joining GLU - THR
Joining THR - GLY
Joining GLY - ASN
Joining ASN - LYS
Joining LYS - VAL
Joining VAL - ASN
Joining ASN - TYR
Joining TYR - GLN
Joining GLN - GLY
Joining GLY - ILE
Joining ILE - GLY
Joining GLY - SER
Joining SER - SER
Joining SER - GLY
Joining GLY - GLY
Joining GLY - VAL
Joining VAL - LYS
Joining LYS - GLN
Joining GLN - ILE
Joining ILE - ILE
Joining ILE - ALA
Joining ALA - ASN
Joining ASN - THR
Joining THR - VAL
Joining VAL - ASP
Joining ASP - PHE
Joining PHE - GLY
Joining GLY - ALA
Joining ALA - SER
Joining SER - ASP
Joining ASP - ALA
Joining ALA - PRO
Joining PRO - LEU
Joining LEU - SER
Joining SER - ASP
Joining ASP - GLU
Joining GLU - LYS
Joining LYS - LEU
Joining LEU - ALA
Joining ALA - GLN
Joining GLN - GLU
Joining GLU - GLY
Joining GLY - LEU
Joining LEU - PHE
Joining PHE - GLN
Joining GLN - PHE
Joining PHE - PRO
Joining PRO - THR
Joining THR - VAL
Joining VAL - ILE
Joining ILE - GLY
Joining GLY - GLY
Joining GLY - VAL
Joining VAL - VAL
Joining VAL - LEU
Joining LEU - ALA
Joining ALA - VAL
Joining VAL - ASN
Joining ASN - ILE
Joining ILE - PRO
Joining PRO - GLY
Joining GLY - LEU
Joining LEU - LYS
Joining LYS - SER
Joining SER - GLY
Joining GLY - GLU
Joining GLU - LEU
Joining LEU - VAL
Joining VAL - LEU
Joining LEU - ASP
Joining ASP - GLY
Joining GLY - LYS
Joining LYS - THR
Joining THR - LEU
Joining LEU - GLY
Joining GLY - ASP
Joining ASP - ILE
Joining ILE - TYR
Joining TYR - LEU
Joining LEU - GLY
Joining GLY - LYS
Joining LYS - ILE
Joining ILE - LYS
Joining LYS - LYS
Joining LYS - TRP
Joining TRP - ASP
Joining ASP - ASP
Joining ASP - GLU
Joining GLU - ALA
Joining ALA - ILE
Joining ILE - ALA
Joining ALA - LYS
Joining LYS - LEU
Joining LEU - ASN
Joining ASN - PRO
Joining PRO - GLY
Joining GLY - LEU
Joining LEU - LYS
Joining LYS - LEU
Joining LEU - PRO
Joining PRO - SER
Joining SER - GLN
Joining GLN - ASN
Joining ASN - ILE
Joining ILE - ALA
Joining ALA - VAL
Joining VAL - VAL
Joining VAL - ARG
Joining ARG - ARG
Joining ARG - ALA
Joining ALA - ASP
Joining ASP - GLY
Joining GLY - SER
Joining SER - GLY
Joining GLY - THR
Joining THR - SER
Joining SER - PHE
Joining PHE - VAL
Joining VAL - PHE
Joining PHE - THR
Joining THR - SER
Joining SER - TYR
Joining TYR - LEU
Joining LEU - ALA
Joining ALA - LYS
Joining LYS - VAL
Joining VAL - ASN
Joining ASN - GLU
Joining GLU - GLU
Joining GLU - TRP
Joining TRP - LYS
Joining LYS - ASN
Joining ASN - ASN
Joining ASN - VAL
Joining VAL - GLY
Joining GLY - THR
Joining THR - GLY
Joining GLY - SER
Joining SER - THR
Joining THR - VAL
Joining VAL - LYS
Joining LYS - TRP
Joining TRP - PRO
Joining PRO - ILE
Joining ILE - GLY
Joining GLY - LEU
Joining LEU - GLY
Joining GLY - GLY
Joining GLY - LYS
Joining LYS - GLY
Joining GLY - ASN
Joining ASN - ASP
Joining ASP - GLY
Joining GLY - ILE
Joining ILE - ALA
Joining ALA - ALA
Joining ALA - PHE
Joining PHE - VAL
Joining VAL - GLN
Joining GLN - ARG
Joining ARG - LEU
Joining LEU - PRO
Joining PRO - GLY
Joining GLY - ALA
Joining ALA - ILE
Joining ILE - GLY
Joining GLY - TYR
Joining TYR - VAL
Joining VAL - GLU
Joining GLU - TYR
Joining TYR - ALA
Joining ALA - TYR
Joining TYR - ALA
Joining ALA - LYS
Joining LYS - GLN
Joining GLN - ASN
Joining ASN - ASN
Joining ASN - LEU
Joining LEU - ALA
Joining ALA - TYR
Joining TYR - THR
Joining THR - LYS
Joining LYS - LEU
Joining LEU - ILE
Joining ILE - SER
Joining SER - ALA
Joining ALA - ASP
Joining ASP - GLY
Joining GLY - LYS
Joining LYS - PRO
Joining PRO - VAL
Joining VAL - SER
Joining SER - PRO
Joining PRO - THR
Joining THR - GLU
Joining GLU - GLU
Joining GLU - ASN
Joining ASN - PHE
Joining PHE - ALA
Joining ALA - ASN
Joining ASN - ALA
Joining ALA - ALA
Joining ALA - LYS
Joining LYS - GLY
Joining GLY - ALA
Joining ALA - ASP
Joining ASP - TRP
Joining TRP - SER
Joining SER - LYS
Joining LYS - THR
Joining THR - PHE
Joining PHE - ALA
Joining ALA - GLN
Joining GLN - ASP
Joining ASP - LEU
Joining LEU - THR
Joining THR - ASN
Joining ASN - GLN
Joining GLN - LYS
Joining LYS - GLY
Joining GLY - GLU
Joining GLU - ASP
Joining ASP - ALA
Joining ALA - TRP
Joining TRP - PRO
Joining PRO - ILE
Joining ILE - THR
Joining THR - SER
Joining SER - THR
Joining THR - THR
Joining THR - PHE
Joining PHE - ILE
Joining ILE - LEU
Joining LEU - ILE
Joining ILE - HIE
Joining HIE - LYS
Joining LYS - ASP
Joining ASP - GLN
Joining GLN - LYS
Joining LYS - LYS
Joining LYS - PRO
Joining PRO - GLU
Joining GLU - GLN
Joining GLN - GLY
Joining GLY - THR
Joining THR - GLU
Joining GLU - VAL
Joining VAL - LEU
Joining LEU - LYS
Joining LYS - PHE
Joining PHE - PHE
Joining PHE - ASP
Joining ASP - TRP
Joining TRP - ALA
Joining ALA - TYR
Joining TYR - LYS
Joining LYS - THR
Joining THR - GLY
Joining GLY - ALA
Joining ALA - LYS
Joining LYS - GLN
Joining GLN - ALA
Joining ALA - ASN
Joining ASN - ASP
Joining ASP - LEU
Joining LEU - ASP
Joining ASP - TYR
Joining TYR - ALA
Joining ALA - SER
Joining SER - LEU
Joining LEU - PRO
Joining PRO - ASP
Joining ASP - SER
Joining SER - VAL
Joining VAL - VAL
Joining VAL - GLU
Joining GLU - GLN
Joining GLN - VAL
Joining VAL - ARG
Joining ARG - ALA
Joining ALA - ALA
Joining ALA - TRP
Joining TRP - LYS
Joining LYS - THR
Joining THR - ASN
Joining ASN - ILE
Joining ILE - LYS
Joining LYS - ASP
Joining ASP - SER
Joining SER - SER
Joining SER - GLY
Joining GLY - LYS
Joining LYS - PRO
Joining PRO - LEU
Joining LEU - CTYR
  total atoms in file: 2438
  Leap added 2417 missing atoms according to residue templates:
       2417 H / lone pairs
> tranlate 1IXH 24.88659475     27.18643724     14.37192986
ERROR: syntax error

> tranlate 1IXH {24.88659475     27.18643724     14.37192986}
ERROR: syntax error

> translate 1IXH {24.88659475     27.18643724     14.37192986}
> savepdb 1IXH_newCoordinate.pdb
savePdb: Improper number of arguments!
usage:  savePdb <object> <filename>
> savepdb 1IXH 1IXH_newCoordinate.pdb
Writing pdb file: 1IXH_newCoordinate.pdb
 Converting N-terminal residue name to PDB format: NGLU -> GLU
 Converting C-terminal residue name to PDB format: CTYR -> TYR
> quit
	Quit
log started: Sat Jun  4 15:57:41 2016

Log file: ./leap.log
> #
> # ----- leaprc for loading the ff14SB force field
> # ----- NOTE: this is designed for PDB format 3!
> #    Uses frcmod.ff14SB for proteins; ff99bsc0 for DNA; ff99bsc0_chiOL3 for RNA
> #
> #	load atom type hybridizations
> #
> addAtomTypes {
> 	{ "H"   "H" "sp3" }
> 	{ "HO"  "H" "sp3" }
> 	{ "HS"  "H" "sp3" }
> 	{ "H1"  "H" "sp3" }
> 	{ "H2"  "H" "sp3" }
> 	{ "H3"  "H" "sp3" }
> 	{ "H4"  "H" "sp3" }
> 	{ "H5"  "H" "sp3" }
> 	{ "HW"  "H" "sp3" }
> 	{ "HC"  "H" "sp3" }
> 	{ "HA"  "H" "sp3" }
> 	{ "HP"  "H" "sp3" }
> 	{ "HZ"  "H" "sp3" }
> 	{ "OH"  "O" "sp3" }
> 	{ "OS"  "O" "sp3" }
> 	{ "O"   "O" "sp2" }
> 	{ "O2"  "O" "sp2" }
> 	{ "OP"  "O" "sp2" }
> 	{ "OW"  "O" "sp3" }
> 	{ "CT"  "C" "sp3" }
> 	{ "CX"  "C" "sp3" }
> 	{ "C8"  "C" "sp3" }
> 	{ "2C"  "C" "sp3" }
> 	{ "3C"  "C" "sp3" }
> 	{ "CH"  "C" "sp3" }
> 	{ "CS"  "C" "sp2" }
> 	{ "C"   "C" "sp2" }
> 	{ "CO"   "C" "sp2" }
> 	{ "C*"  "C" "sp2" }
> 	{ "CA"  "C" "sp2" }
> 	{ "CB"  "C" "sp2" }
> 	{ "CC"  "C" "sp2" }
> 	{ "CN"  "C" "sp2" }
> 	{ "CM"  "C" "sp2" }
> 	{ "CK"  "C" "sp2" }
> 	{ "CQ"  "C" "sp2" }
> 	{ "CD"  "C" "sp2" }
> 	{ "C5"  "C" "sp2" }
> 	{ "C4"  "C" "sp2" }
> 	{ "CP"  "C" "sp2" }
> 	{ "CI"  "C" "sp3" }
> 	{ "CJ"  "C" "sp2" }
> 	{ "CW"  "C" "sp2" }
> 	{ "CV"  "C" "sp2" }
> 	{ "CR"  "C" "sp2" }
> 	{ "CA"  "C" "sp2" }
> 	{ "CY"  "C" "sp2" }
> 	{ "C0"  "Ca" "sp3" }
> 	{ "MG"  "Mg" "sp3" }
> 	{ "N"   "N" "sp2" }
> 	{ "NA"  "N" "sp2" }
> 	{ "N2"  "N" "sp2" }
> 	{ "N*"  "N" "sp2" }
> 	{ "NP"  "N" "sp2" }
> 	{ "NQ"  "N" "sp2" }
> 	{ "NB"  "N" "sp2" }
> 	{ "NC"  "N" "sp2" }
> 	{ "NT"  "N" "sp3" }
> 	{ "NY"  "N" "sp2" }
> 	{ "N3"  "N" "sp3" }
> 	{ "S"   "S" "sp3" }
> 	{ "SH"  "S" "sp3" }
> 	{ "P"   "P" "sp3" }
> 	{ "LP"  ""  "sp3" }
> 	{ "EP"  ""  "sp3" }
> 	{ "F"   "F" "sp3" }
> 	{ "Cl"  "Cl" "sp3" }
> 	{ "Br"  "Br" "sp3" }
> 	{ "I"   "I"  "sp3" }
> 	{ "F-"   "F" "sp3" }
> 	{ "Cl-"  "Cl" "sp3" }
> 	{ "Br-"  "Br" "sp3" }
> 	{ "I-"   "I"  "sp3" }
> 	{ "Li+"  "Li"  "sp3" }
> 	{ "Na+"  "Na"  "sp3" }
> 	{ "K+"  "K"  "sp3" }
> 	{ "Rb+"  "Rb"  "sp3" }
> 	{ "Cs+"  "Cs"  "sp3" }
> 	{ "Mg+"  "Mg"  "sp3" }
> # glycam
> 	{ "OG"  "O" "sp3" }
> 	{ "OL"  "O" "sp3" }
> 	{ "AC"  "C" "sp3" }
> 	{ "EC"  "C" "sp3" }
> }
> #
> #	Load the main parameter set.
> #
> parm10 = loadamberparams parm10.dat
Loading parameters: /home/sigurd/amber14//dat/leap/parm/parm10.dat
Reading title:
PARM99 + frcmod.ff99SB + frcmod.parmbsc0 + OL3 for RNA
(UNKNOWN ATOM TYPE: Zn)
(UNKNOWN ATOM TYPE: EP)
> frcmod14SB = loadamberparams frcmod.ff14SB
Loading parameters: /home/sigurd/amber14//dat/leap/parm/frcmod.ff14SB
Reading force field modification type file (frcmod)
Reading title:
ff14SB protein backbone and sidechain parameters
> #
> #	Load main chain and terminating amino acid libraries, nucleic acids
> #
> loadOff amino12.lib
Loading library: /home/sigurd/amber14//dat/leap/lib/amino12.lib
Loading: ALA
Loading: ARG
Loading: ASH
Loading: ASN
Loading: ASP
Loading: CYM
Loading: CYS
Loading: CYX
Loading: GLH
Loading: GLN
Loading: GLU
Loading: GLY
Loading: HID
Loading: HIE
Loading: HIP
Loading: HYP
Loading: ILE
Loading: LEU
Loading: LYN
Loading: LYS
Loading: MET
Loading: PHE
Loading: PRO
Loading: SER
Loading: THR
Loading: TRP
Loading: TYR
Loading: VAL
> loadOff aminoct12.lib
Loading library: /home/sigurd/amber14//dat/leap/lib/aminoct12.lib
Loading: CALA
Loading: CARG
Loading: CASN
Loading: CASP
Loading: CCYS
Loading: CCYX
Loading: CGLN
Loading: CGLU
Loading: CGLY
Loading: CHID
Loading: CHIE
Loading: CHIP
Loading: CHYP
Loading: CILE
Loading: CLEU
Loading: CLYS
Loading: CMET
Loading: CPHE
Loading: CPRO
Loading: CSER
Loading: CTHR
Loading: CTRP
Loading: CTYR
Loading: CVAL
Loading: NHE
Loading: NME
> loadOff aminont12.lib
Loading library: /home/sigurd/amber14//dat/leap/lib/aminont12.lib
Loading: ACE
Loading: NALA
Loading: NARG
Loading: NASN
Loading: NASP
Loading: NCYS
Loading: NCYX
Loading: NGLN
Loading: NGLU
Loading: NGLY
Loading: NHID
Loading: NHIE
Loading: NHIP
Loading: NILE
Loading: NLEU
Loading: NLYS
Loading: NMET
Loading: NPHE
Loading: NPRO
Loading: NSER
Loading: NTHR
Loading: NTRP
Loading: NTYR
Loading: NVAL
> loadOff nucleic12.lib
Loading library: /home/sigurd/amber14//dat/leap/lib/nucleic12.lib
Loading: A
Loading: A3
Loading: A5
Loading: AN
Loading: C
Loading: C3
Loading: C5
Loading: CN
Loading: DA
Loading: DA3
Loading: DA5
Loading: DAN
Loading: DC
Loading: DC3
Loading: DC5
Loading: DCN
Loading: DG
Loading: DG3
Loading: DG5
Loading: DGN
Loading: DT
Loading: DT3
Loading: DT5
Loading: DTN
Loading: G
Loading: G3
Loading: G5
Loading: GN
Loading: OHE
Loading: U
Loading: U3
Loading: U5
Loading: UN
> #
> #       Load water and ions
> # 
> loadOff atomic_ions.lib
Loading library: /home/sigurd/amber14//dat/leap/lib/atomic_ions.lib
Loading: AG
Loading: AL
Loading: Ag
Loading: BA
Loading: BR
Loading: Be
Loading: CA
Loading: CD
Loading: CE
Loading: CL
Loading: CO
Loading: CR
Loading: CS
Loading: CU
Loading: CU1
Loading: Ce
Loading: Cl-
Loading: Cr
Loading: Dy
Loading: EU
Loading: EU3
Loading: Er
Loading: F
Loading: FE
Loading: FE2
Loading: GD3
Loading: H3O+
Loading: HE+
Loading: HG
Loading: HZ+
Loading: Hf
Loading: IN
Loading: IOD
Loading: K
Loading: K+
Loading: LA
Loading: LI
Loading: LU
Loading: MG
Loading: MN
Loading: NA
Loading: NH4
Loading: NI
Loading: Na+
Loading: Nd
Loading: PB
Loading: PD
Loading: PR
Loading: PT
Loading: Pu
Loading: RB
Loading: Ra
Loading: SM
Loading: SR
Loading: Sm
Loading: Sn
Loading: TB
Loading: TL
Loading: Th
Loading: Tl
Loading: Tm
Loading: U4+
Loading: V2+
Loading: Y
Loading: YB2
Loading: ZN
Loading: Zr
> loadOff solvents.lib
Loading library: /home/sigurd/amber14//dat/leap/lib/solvents.lib
Loading: CHCL3BOX
Loading: DC4
Loading: MEOHBOX
Loading: NMABOX
Loading: OPC
Loading: OPCBOX
Loading: PL3
Loading: POL3BOX
Loading: QSPCFWBOX
Loading: SPC
Loading: SPCBOX
Loading: SPCFWBOX
Loading: SPF
Loading: SPG
Loading: T4E
Loading: TIP3PBOX
Loading: TIP3PFBOX
Loading: TIP4PBOX
Loading: TIP4PEWBOX
Loading: TIP5PBOX
Loading: TP3
Loading: TP4
Loading: TP5
Loading: TPF
> HOH = TP3
> WAT = TP3
> 
> #
> #	Define the PDB name map for the amino acids and nucleic acids
> #
> addPdbResMap {
>   { 0 "HYP" "NHYP" } { 1 "HYP" "CHYP" }
>   { 0 "ALA" "NALA" } { 1 "ALA" "CALA" }
>   { 0 "ARG" "NARG" } { 1 "ARG" "CARG" }
>   { 0 "ASN" "NASN" } { 1 "ASN" "CASN" }
>   { 0 "ASP" "NASP" } { 1 "ASP" "CASP" }
>   { 0 "CYS" "NCYS" } { 1 "CYS" "CCYS" }
>   { 0 "CYX" "NCYX" } { 1 "CYX" "CCYX" }
>   { 0 "GLN" "NGLN" } { 1 "GLN" "CGLN" }
>   { 0 "GLU" "NGLU" } { 1 "GLU" "CGLU" }
>   { 0 "GLY" "NGLY" } { 1 "GLY" "CGLY" }
>   { 0 "HID" "NHID" } { 1 "HID" "CHID" }
>   { 0 "HIE" "NHIE" } { 1 "HIE" "CHIE" }
>   { 0 "HIP" "NHIP" } { 1 "HIP" "CHIP" }
>   { 0 "ILE" "NILE" } { 1 "ILE" "CILE" }
>   { 0 "LEU" "NLEU" } { 1 "LEU" "CLEU" }
>   { 0 "LYS" "NLYS" } { 1 "LYS" "CLYS" }
>   { 0 "MET" "NMET" } { 1 "MET" "CMET" }
>   { 0 "PHE" "NPHE" } { 1 "PHE" "CPHE" }
>   { 0 "PRO" "NPRO" } { 1 "PRO" "CPRO" }
>   { 0 "SER" "NSER" } { 1 "SER" "CSER" }
>   { 0 "THR" "NTHR" } { 1 "THR" "CTHR" }
>   { 0 "TRP" "NTRP" } { 1 "TRP" "CTRP" }
>   { 0 "TYR" "NTYR" } { 1 "TYR" "CTYR" }
>   { 0 "VAL" "NVAL" } { 1 "VAL" "CVAL" }
>   { 0 "HIS" "NHIS" } { 1 "HIS" "CHIS" }
>   { 0 "G" "G5"  } { 1 "G" "G3"  } 
>   { 0 "A" "A5"  } { 1 "A" "A3"  } 
>   { 0 "C" "C5"  } { 1 "C" "C3"  } 
>   { 0 "U" "U5"  } { 1 "U" "U3"  } 
>   { 0 "DG" "DG5"  } { 1 "DG" "DG3"  }  
>   { 0 "DA" "DA5"  } { 1 "DA" "DA3"  }  
>   { 0 "DC" "DC5"  } { 1 "DC" "DC3"  }  
>   { 0 "DT" "DT5"  } { 1 "DT" "DT3"  }  
> #  some old Amber residue names for RNA:
>   { 0  "RA5" "A5" } { 1 "RA3" "A3"} {"RA" "A" }
>   { 0  "RC5" "C5" } { 1 "RC3" "C3"} {"RC" "C" }
>   { 0  "RG5" "G5" } { 1 "RG3" "G3"} {"RG" "G" }
>   { 0  "RU5" "U5" } { 1 "RU3" "U3"} {"RU" "U" }
> #  some really old Amber residue names, assuming DNA:
>   { 0 "GUA" "DG5"  } { 1 "GUA" "DG3"  } { "GUA" "DG" }
>   { 0 "ADE" "DA5"  } { 1 "ADE" "DA3"  } { "ADE" "DA" }
>   { 0 "CYT" "DC5"  } { 1 "CYT" "DC3"  } { "CYT" "DC" }
>   { 0 "THY" "DT5"  } { 1 "THY" "DT3"  } { "THY" "DT" }
> #  uncomment out the following if you have this old style RNA files:
> # { 0 "GUA" "G5"  } { 1 "GUA" "G3"  } { "GUA" "G" }
> # { 0 "ADE" "A5"  } { 1 "ADE" "A3"  } { "ADE" "A" }
> # { 0 "CYT" "C5"  } { 1 "CYT" "C3"  } { "CYT" "C" }
> # { 0 "URA" "R5"  } { 1 "URA" "R3"  } { "URA" "R" }
> 
> }
> 
> #  try to be good about reading in really old atom names as well:
> addPdbAtomMap {
>   { "O5*" "O5'" }
>   { "C5*" "C5'" }
>   { "C4*" "C4'" }
>   { "O4*" "O4'" }
>   { "C3*" "C3'" }
>   { "O3*" "O3'" }
>   { "C2*" "C2'" }
>   { "O2*" "O2'" }
>   { "C1*" "C1'" }
>   { "C5M" "C7"  }
>   { "H1*" "H1'" }
>   { "H2*1" "H2'" }
>   { "H2*2" "H2''" }
>   { "H2'1" "H2'" }
>   { "H2'2" "H2''" }
>   { "H3*" "H3'" }
>   { "H4*" "H4'" }
>   { "H5*1" "H5'" }
>   { "H5*2" "H5''" }
>   { "H5'1" "H5'" }
>   { "H5'2" "H5''" }
>   { "HO'2" "HO2'" }
>   { "H5T"  "HO5'" }
>   { "H3T"  "HO3'" }
>   { "O1'" "O4'" }
>   { "OA"  "OP1" }
>   { "OB"  "OP2" }
>   { "O1P" "OP1" }
>   { "O2P" "OP2" }
> }
> 
> #
> # assume that most often proteins use HIE
> #
> NHIS = NHIE
> HIS = HIE
> CHIS = CHIE
 
> translate 1IXH {24.88659475     27.18643724     14.37192986}
translate: Argument #1 is type String must be of type: [unit molecule residue atom list]
usage:  translate <unit/residue/atom> <directionlist>
> 1IXH = loadpdb 1IXH.pdb
Loading PDB file: ./1IXH.pdb
Enter zPdbReadScan from call depth  0.
Exit  zPdbReadScan from call depth  0.
Matching PDB residue names to LEaP variables.
Mapped residue GLU, term: Terminal/beginning, seq. number: 0 to: NGLU.
(Residue 1: ALA, Nonterminal, was not found in name map.)
(Residue 2: SER, Nonterminal, was not found in name map.)
(Residue 3: LEU, Nonterminal, was not found in name map.)
(Residue 4: THR, Nonterminal, was not found in name map.)
(Residue 5: GLY, Nonterminal, was not found in name map.)
(Residue 6: ALA, Nonterminal, was not found in name map.)
(Residue 7: GLY, Nonterminal, was not found in name map.)
(Residue 8: ALA, Nonterminal, was not found in name map.)
(Residue 9: THR, Nonterminal, was not found in name map.)
(Residue 10: PHE, Nonterminal, was not found in name map.)
(Residue 11: PRO, Nonterminal, was not found in name map.)
(Residue 12: ALA, Nonterminal, was not found in name map.)
(Residue 13: PRO, Nonterminal, was not found in name map.)
(Residue 14: VAL, Nonterminal, was not found in name map.)
(Residue 15: TYR, Nonterminal, was not found in name map.)
(Residue 16: ALA, Nonterminal, was not found in name map.)
(Residue 17: LYS, Nonterminal, was not found in name map.)
(Residue 18: TRP, Nonterminal, was not found in name map.)
(Residue 19: ALA, Nonterminal, was not found in name map.)
(Residue 20: ASP, Nonterminal, was not found in name map.)
(Residue 21: THR, Nonterminal, was not found in name map.)
(Residue 22: TYR, Nonterminal, was not found in name map.)
(Residue 23: GLN, Nonterminal, was not found in name map.)
(Residue 24: LYS, Nonterminal, was not found in name map.)
(Residue 25: GLU, Nonterminal, was not found in name map.)
(Residue 26: THR, Nonterminal, was not found in name map.)
(Residue 27: GLY, Nonterminal, was not found in name map.)
(Residue 28: ASN, Nonterminal, was not found in name map.)
(Residue 29: LYS, Nonterminal, was not found in name map.)
(Residue 30: VAL, Nonterminal, was not found in name map.)
(Residue 31: ASN, Nonterminal, was not found in name map.)
(Residue 32: TYR, Nonterminal, was not found in name map.)
(Residue 33: GLN, Nonterminal, was not found in name map.)
(Residue 34: GLY, Nonterminal, was not found in name map.)
(Residue 35: ILE, Nonterminal, was not found in name map.)
(Residue 36: GLY, Nonterminal, was not found in name map.)
(Residue 37: SER, Nonterminal, was not found in name map.)
(Residue 38: SER, Nonterminal, was not found in name map.)
(Residue 39: GLY, Nonterminal, was not found in name map.)
(Residue 40: GLY, Nonterminal, was not found in name map.)
(Residue 41: VAL, Nonterminal, was not found in name map.)
(Residue 42: LYS, Nonterminal, was not found in name map.)
(Residue 43: GLN, Nonterminal, was not found in name map.)
(Residue 44: ILE, Nonterminal, was not found in name map.)
(Residue 45: ILE, Nonterminal, was not found in name map.)
(Residue 46: ALA, Nonterminal, was not found in name map.)
(Residue 47: ASN, Nonterminal, was not found in name map.)
(Residue 48: THR, Nonterminal, was not found in name map.)
(Residue 49: VAL, Nonterminal, was not found in name map.)
(Residue 50: ASP, Nonterminal, was not found in name map.)
(Residue 51: PHE, Nonterminal, was not found in name map.)
(Residue 52: GLY, Nonterminal, was not found in name map.)
(Residue 53: ALA, Nonterminal, was not found in name map.)
(Residue 54: SER, Nonterminal, was not found in name map.)
(Residue 55: ASP, Nonterminal, was not found in name map.)
(Residue 56: ALA, Nonterminal, was not found in name map.)
(Residue 57: PRO, Nonterminal, was not found in name map.)
(Residue 58: LEU, Nonterminal, was not found in name map.)
(Residue 59: SER, Nonterminal, was not found in name map.)
(Residue 60: ASP, Nonterminal, was not found in name map.)
(Residue 61: GLU, Nonterminal, was not found in name map.)
(Residue 62: LYS, Nonterminal, was not found in name map.)
(Residue 63: LEU, Nonterminal, was not found in name map.)
(Residue 64: ALA, Nonterminal, was not found in name map.)
(Residue 65: GLN, Nonterminal, was not found in name map.)
(Residue 66: GLU, Nonterminal, was not found in name map.)
(Residue 67: GLY, Nonterminal, was not found in name map.)
(Residue 68: LEU, Nonterminal, was not found in name map.)
(Residue 69: PHE, Nonterminal, was not found in name map.)
(Residue 70: GLN, Nonterminal, was not found in name map.)
(Residue 71: PHE, Nonterminal, was not found in name map.)
(Residue 72: PRO, Nonterminal, was not found in name map.)
(Residue 73: THR, Nonterminal, was not found in name map.)
(Residue 74: VAL, Nonterminal, was not found in name map.)
(Residue 75: ILE, Nonterminal, was not found in name map.)
(Residue 76: GLY, Nonterminal, was not found in name map.)
(Residue 77: GLY, Nonterminal, was not found in name map.)
(Residue 78: VAL, Nonterminal, was not found in name map.)
(Residue 79: VAL, Nonterminal, was not found in name map.)
(Residue 80: LEU, Nonterminal, was not found in name map.)
(Residue 81: ALA, Nonterminal, was not found in name map.)
(Residue 82: VAL, Nonterminal, was not found in name map.)
(Residue 83: ASN, Nonterminal, was not found in name map.)
(Residue 84: ILE, Nonterminal, was not found in name map.)
(Residue 85: PRO, Nonterminal, was not found in name map.)
(Residue 86: GLY, Nonterminal, was not found in name map.)
(Residue 87: LEU, Nonterminal, was not found in name map.)
(Residue 88: LYS, Nonterminal, was not found in name map.)
(Residue 89: SER, Nonterminal, was not found in name map.)
(Residue 90: GLY, Nonterminal, was not found in name map.)
(Residue 91: GLU, Nonterminal, was not found in name map.)
(Residue 92: LEU, Nonterminal, was not found in name map.)
(Residue 93: VAL, Nonterminal, was not found in name map.)
(Residue 94: LEU, Nonterminal, was not found in name map.)
(Residue 95: ASP, Nonterminal, was not found in name map.)
(Residue 96: GLY, Nonterminal, was not found in name map.)
(Residue 97: LYS, Nonterminal, was not found in name map.)
(Residue 98: THR, Nonterminal, was not found in name map.)
(Residue 99: LEU, Nonterminal, was not found in name map.)
(Residue 100: GLY, Nonterminal, was not found in name map.)
(Residue 101: ASP, Nonterminal, was not found in name map.)
(Residue 102: ILE, Nonterminal, was not found in name map.)
(Residue 103: TYR, Nonterminal, was not found in name map.)
(Residue 104: LEU, Nonterminal, was not found in name map.)
(Residue 105: GLY, Nonterminal, was not found in name map.)
(Residue 106: LYS, Nonterminal, was not found in name map.)
(Residue 107: ILE, Nonterminal, was not found in name map.)
(Residue 108: LYS, Nonterminal, was not found in name map.)
(Residue 109: LYS, Nonterminal, was not found in name map.)
(Residue 110: TRP, Nonterminal, was not found in name map.)
(Residue 111: ASP, Nonterminal, was not found in name map.)
(Residue 112: ASP, Nonterminal, was not found in name map.)
(Residue 113: GLU, Nonterminal, was not found in name map.)
(Residue 114: ALA, Nonterminal, was not found in name map.)
(Residue 115: ILE, Nonterminal, was not found in name map.)
(Residue 116: ALA, Nonterminal, was not found in name map.)
(Residue 117: LYS, Nonterminal, was not found in name map.)
(Residue 118: LEU, Nonterminal, was not found in name map.)
(Residue 119: ASN, Nonterminal, was not found in name map.)
(Residue 120: PRO, Nonterminal, was not found in name map.)
(Residue 121: GLY, Nonterminal, was not found in name map.)
(Residue 122: LEU, Nonterminal, was not found in name map.)
(Residue 123: LYS, Nonterminal, was not found in name map.)
(Residue 124: LEU, Nonterminal, was not found in name map.)
(Residue 125: PRO, Nonterminal, was not found in name map.)
(Residue 126: SER, Nonterminal, was not found in name map.)
(Residue 127: GLN, Nonterminal, was not found in name map.)
(Residue 128: ASN, Nonterminal, was not found in name map.)
(Residue 129: ILE, Nonterminal, was not found in name map.)
(Residue 130: ALA, Nonterminal, was not found in name map.)
(Residue 131: VAL, Nonterminal, was not found in name map.)
(Residue 132: VAL, Nonterminal, was not found in name map.)
(Residue 133: ARG, Nonterminal, was not found in name map.)
(Residue 134: ARG, Nonterminal, was not found in name map.)
(Residue 135: ALA, Nonterminal, was not found in name map.)
(Residue 136: ASP, Nonterminal, was not found in name map.)
(Residue 137: GLY, Nonterminal, was not found in name map.)
(Residue 138: SER, Nonterminal, was not found in name map.)
(Residue 139: GLY, Nonterminal, was not found in name map.)
(Residue 140: THR, Nonterminal, was not found in name map.)
(Residue 141: SER, Nonterminal, was not found in name map.)
(Residue 142: PHE, Nonterminal, was not found in name map.)
(Residue 143: VAL, Nonterminal, was not found in name map.)
(Residue 144: PHE, Nonterminal, was not found in name map.)
(Residue 145: THR, Nonterminal, was not found in name map.)
(Residue 146: SER, Nonterminal, was not found in name map.)
(Residue 147: TYR, Nonterminal, was not found in name map.)
(Residue 148: LEU, Nonterminal, was not found in name map.)
(Residue 149: ALA, Nonterminal, was not found in name map.)
(Residue 150: LYS, Nonterminal, was not found in name map.)
(Residue 151: VAL, Nonterminal, was not found in name map.)
(Residue 152: ASN, Nonterminal, was not found in name map.)
(Residue 153: GLU, Nonterminal, was not found in name map.)
(Residue 154: GLU, Nonterminal, was not found in name map.)
(Residue 155: TRP, Nonterminal, was not found in name map.)
(Residue 156: LYS, Nonterminal, was not found in name map.)
(Residue 157: ASN, Nonterminal, was not found in name map.)
(Residue 158: ASN, Nonterminal, was not found in name map.)
(Residue 159: VAL, Nonterminal, was not found in name map.)
(Residue 160: GLY, Nonterminal, was not found in name map.)
(Residue 161: THR, Nonterminal, was not found in name map.)
(Residue 162: GLY, Nonterminal, was not found in name map.)
(Residue 163: SER, Nonterminal, was not found in name map.)
(Residue 164: THR, Nonterminal, was not found in name map.)
(Residue 165: VAL, Nonterminal, was not found in name map.)
(Residue 166: LYS, Nonterminal, was not found in name map.)
(Residue 167: TRP, Nonterminal, was not found in name map.)
(Residue 168: PRO, Nonterminal, was not found in name map.)
(Residue 169: ILE, Nonterminal, was not found in name map.)
(Residue 170: GLY, Nonterminal, was not found in name map.)
(Residue 171: LEU, Nonterminal, was not found in name map.)
(Residue 172: GLY, Nonterminal, was not found in name map.)
(Residue 173: GLY, Nonterminal, was not found in name map.)
(Residue 174: LYS, Nonterminal, was not found in name map.)
(Residue 175: GLY, Nonterminal, was not found in name map.)
(Residue 176: ASN, Nonterminal, was not found in name map.)
(Residue 177: ASP, Nonterminal, was not found in name map.)
(Residue 178: GLY, Nonterminal, was not found in name map.)
(Residue 179: ILE, Nonterminal, was not found in name map.)
(Residue 180: ALA, Nonterminal, was not found in name map.)
(Residue 181: ALA, Nonterminal, was not found in name map.)
(Residue 182: PHE, Nonterminal, was not found in name map.)
(Residue 183: VAL, Nonterminal, was not found in name map.)
(Residue 184: GLN, Nonterminal, was not found in name map.)
(Residue 185: ARG, Nonterminal, was not found in name map.)
(Residue 186: LEU, Nonterminal, was not found in name map.)
(Residue 187: PRO, Nonterminal, was not found in name map.)
(Residue 188: GLY, Nonterminal, was not found in name map.)
(Residue 189: ALA, Nonterminal, was not found in name map.)
(Residue 190: ILE, Nonterminal, was not found in name map.)
(Residue 191: GLY, Nonterminal, was not found in name map.)
(Residue 192: TYR, Nonterminal, was not found in name map.)
(Residue 193: VAL, Nonterminal, was not found in name map.)
(Residue 194: GLU, Nonterminal, was not found in name map.)
(Residue 195: TYR, Nonterminal, was not found in name map.)
(Residue 196: ALA, Nonterminal, was not found in name map.)
(Residue 197: TYR, Nonterminal, was not found in name map.)
(Residue 198: ALA, Nonterminal, was not found in name map.)
(Residue 199: LYS, Nonterminal, was not found in name map.)
(Residue 200: GLN, Nonterminal, was not found in name map.)
(Residue 201: ASN, Nonterminal, was not found in name map.)
(Residue 202: ASN, Nonterminal, was not found in name map.)
(Residue 203: LEU, Nonterminal, was not found in name map.)
(Residue 204: ALA, Nonterminal, was not found in name map.)
(Residue 205: TYR, Nonterminal, was not found in name map.)
(Residue 206: THR, Nonterminal, was not found in name map.)
(Residue 207: LYS, Nonterminal, was not found in name map.)
(Residue 208: LEU, Nonterminal, was not found in name map.)
(Residue 209: ILE, Nonterminal, was not found in name map.)
(Residue 210: SER, Nonterminal, was not found in name map.)
(Residue 211: ALA, Nonterminal, was not found in name map.)
(Residue 212: ASP, Nonterminal, was not found in name map.)
(Residue 213: GLY, Nonterminal, was not found in name map.)
(Residue 214: LYS, Nonterminal, was not found in name map.)
(Residue 215: PRO, Nonterminal, was not found in name map.)
(Residue 216: VAL, Nonterminal, was not found in name map.)
(Residue 217: SER, Nonterminal, was not found in name map.)
(Residue 218: PRO, Nonterminal, was not found in name map.)
(Residue 219: THR, Nonterminal, was not found in name map.)
(Residue 220: GLU, Nonterminal, was not found in name map.)
(Residue 221: GLU, Nonterminal, was not found in name map.)
(Residue 222: ASN, Nonterminal, was not found in name map.)
(Residue 223: PHE, Nonterminal, was not found in name map.)
(Residue 224: ALA, Nonterminal, was not found in name map.)
(Residue 225: ASN, Nonterminal, was not found in name map.)
(Residue 226: ALA, Nonterminal, was not found in name map.)
(Residue 227: ALA, Nonterminal, was not found in name map.)
(Residue 228: LYS, Nonterminal, was not found in name map.)
(Residue 229: GLY, Nonterminal, was not found in name map.)
(Residue 230: ALA, Nonterminal, was not found in name map.)
(Residue 231: ASP, Nonterminal, was not found in name map.)
(Residue 232: TRP, Nonterminal, was not found in name map.)
(Residue 233: SER, Nonterminal, was not found in name map.)
(Residue 234: LYS, Nonterminal, was not found in name map.)
(Residue 235: THR, Nonterminal, was not found in name map.)
(Residue 236: PHE, Nonterminal, was not found in name map.)
(Residue 237: ALA, Nonterminal, was not found in name map.)
(Residue 238: GLN, Nonterminal, was not found in name map.)
(Residue 239: ASP, Nonterminal, was not found in name map.)
(Residue 240: LEU, Nonterminal, was not found in name map.)
(Residue 241: THR, Nonterminal, was not found in name map.)
(Residue 242: ASN, Nonterminal, was not found in name map.)
(Residue 243: GLN, Nonterminal, was not found in name map.)
(Residue 244: LYS, Nonterminal, was not found in name map.)
(Residue 245: GLY, Nonterminal, was not found in name map.)
(Residue 246: GLU, Nonterminal, was not found in name map.)
(Residue 247: ASP, Nonterminal, was not found in name map.)
(Residue 248: ALA, Nonterminal, was not found in name map.)
(Residue 249: TRP, Nonterminal, was not found in name map.)
(Residue 250: PRO, Nonterminal, was not found in name map.)
(Residue 251: ILE, Nonterminal, was not found in name map.)
(Residue 252: THR, Nonterminal, was not found in name map.)
(Residue 253: SER, Nonterminal, was not found in name map.)
(Residue 254: THR, Nonterminal, was not found in name map.)
(Residue 255: THR, Nonterminal, was not found in name map.)
(Residue 256: PHE, Nonterminal, was not found in name map.)
(Residue 257: ILE, Nonterminal, was not found in name map.)
(Residue 258: LEU, Nonterminal, was not found in name map.)
(Residue 259: ILE, Nonterminal, was not found in name map.)
(Residue 260: HIS, Nonterminal, was not found in name map.)
(Residue 261: LYS, Nonterminal, was not found in name map.)
(Residue 262: ASP, Nonterminal, was not found in name map.)
(Residue 263: GLN, Nonterminal, was not found in name map.)
(Residue 264: LYS, Nonterminal, was not found in name map.)
(Residue 265: LYS, Nonterminal, was not found in name map.)
(Residue 266: PRO, Nonterminal, was not found in name map.)
(Residue 267: GLU, Nonterminal, was not found in name map.)
(Residue 268: GLN, Nonterminal, was not found in name map.)
(Residue 269: GLY, Nonterminal, was not found in name map.)
(Residue 270: THR, Nonterminal, was not found in name map.)
(Residue 271: GLU, Nonterminal, was not found in name map.)
(Residue 272: VAL, Nonterminal, was not found in name map.)
(Residue 273: LEU, Nonterminal, was not found in name map.)
(Residue 274: LYS, Nonterminal, was not found in name map.)
(Residue 275: PHE, Nonterminal, was not found in name map.)
(Residue 276: PHE, Nonterminal, was not found in name map.)
(Residue 277: ASP, Nonterminal, was not found in name map.)
(Residue 278: TRP, Nonterminal, was not found in name map.)
(Residue 279: ALA, Nonterminal, was not found in name map.)
(Residue 280: TYR, Nonterminal, was not found in name map.)
(Residue 281: LYS, Nonterminal, was not found in name map.)
(Residue 282: THR, Nonterminal, was not found in name map.)
(Residue 283: GLY, Nonterminal, was not found in name map.)
(Residue 284: ALA, Nonterminal, was not found in name map.)
(Residue 285: LYS, Nonterminal, was not found in name map.)
(Residue 286: GLN, Nonterminal, was not found in name map.)
(Residue 287: ALA, Nonterminal, was not found in name map.)
(Residue 288: ASN, Nonterminal, was not found in name map.)
(Residue 289: ASP, Nonterminal, was not found in name map.)
(Residue 290: LEU, Nonterminal, was not found in name map.)
(Residue 291: ASP, Nonterminal, was not found in name map.)
(Residue 292: TYR, Nonterminal, was not found in name map.)
(Residue 293: ALA, Nonterminal, was not found in name map.)
(Residue 294: SER, Nonterminal, was not found in name map.)
(Residue 295: LEU, Nonterminal, was not found in name map.)
(Residue 296: PRO, Nonterminal, was not found in name map.)
(Residue 297: ASP, Nonterminal, was not found in name map.)
(Residue 298: SER, Nonterminal, was not found in name map.)
(Residue 299: VAL, Nonterminal, was not found in name map.)
(Residue 300: VAL, Nonterminal, was not found in name map.)
(Residue 301: GLU, Nonterminal, was not found in name map.)
(Residue 302: GLN, Nonterminal, was not found in name map.)
(Residue 303: VAL, Nonterminal, was not found in name map.)
(Residue 304: ARG, Nonterminal, was not found in name map.)
(Residue 305: ALA, Nonterminal, was not found in name map.)
(Residue 306: ALA, Nonterminal, was not found in name map.)
(Residue 307: TRP, Nonterminal, was not found in name map.)
(Residue 308: LYS, Nonterminal, was not found in name map.)
(Residue 309: THR, Nonterminal, was not found in name map.)
(Residue 310: ASN, Nonterminal, was not found in name map.)
(Residue 311: ILE, Nonterminal, was not found in name map.)
(Residue 312: LYS, Nonterminal, was not found in name map.)
(Residue 313: ASP, Nonterminal, was not found in name map.)
(Residue 314: SER, Nonterminal, was not found in name map.)
(Residue 315: SER, Nonterminal, was not found in name map.)
(Residue 316: GLY, Nonterminal, was not found in name map.)
(Residue 317: LYS, Nonterminal, was not found in name map.)
(Residue 318: PRO, Nonterminal, was not found in name map.)
(Residue 319: LEU, Nonterminal, was not found in name map.)
Mapped residue TYR, term: Terminal/last, seq. number: 320 to: CTYR.
Joining NGLU - ALA
Joining ALA - SER
Joining SER - LEU
Joining LEU - THR
Joining THR - GLY
Joining GLY - ALA
Joining ALA - GLY
Joining GLY - ALA
Joining ALA - THR
Joining THR - PHE
Joining PHE - PRO
Joining PRO - ALA
Joining ALA - PRO
Joining PRO - VAL
Joining VAL - TYR
Joining TYR - ALA
Joining ALA - LYS
Joining LYS - TRP
Joining TRP - ALA
Joining ALA - ASP
Joining ASP - THR
Joining THR - TYR
Joining TYR - GLN
Joining GLN - LYS
Joining LYS - GLU
Joining GLU - THR
Joining THR - GLY
Joining GLY - ASN
Joining ASN - LYS
Joining LYS - VAL
Joining VAL - ASN
Joining ASN - TYR
Joining TYR - GLN
Joining GLN - GLY
Joining GLY - ILE
Joining ILE - GLY
Joining GLY - SER
Joining SER - SER
Joining SER - GLY
Joining GLY - GLY
Joining GLY - VAL
Joining VAL - LYS
Joining LYS - GLN
Joining GLN - ILE
Joining ILE - ILE
Joining ILE - ALA
Joining ALA - ASN
Joining ASN - THR
Joining THR - VAL
Joining VAL - ASP
Joining ASP - PHE
Joining PHE - GLY
Joining GLY - ALA
Joining ALA - SER
Joining SER - ASP
Joining ASP - ALA
Joining ALA - PRO
Joining PRO - LEU
Joining LEU - SER
Joining SER - ASP
Joining ASP - GLU
Joining GLU - LYS
Joining LYS - LEU
Joining LEU - ALA
Joining ALA - GLN
Joining GLN - GLU
Joining GLU - GLY
Joining GLY - LEU
Joining LEU - PHE
Joining PHE - GLN
Joining GLN - PHE
Joining PHE - PRO
Joining PRO - THR
Joining THR - VAL
Joining VAL - ILE
Joining ILE - GLY
Joining GLY - GLY
Joining GLY - VAL
Joining VAL - VAL
Joining VAL - LEU
Joining LEU - ALA
Joining ALA - VAL
Joining VAL - ASN
Joining ASN - ILE
Joining ILE - PRO
Joining PRO - GLY
Joining GLY - LEU
Joining LEU - LYS
Joining LYS - SER
Joining SER - GLY
Joining GLY - GLU
Joining GLU - LEU
Joining LEU - VAL
Joining VAL - LEU
Joining LEU - ASP
Joining ASP - GLY
Joining GLY - LYS
Joining LYS - THR
Joining THR - LEU
Joining LEU - GLY
Joining GLY - ASP
Joining ASP - ILE
Joining ILE - TYR
Joining TYR - LEU
Joining LEU - GLY
Joining GLY - LYS
Joining LYS - ILE
Joining ILE - LYS
Joining LYS - LYS
Joining LYS - TRP
Joining TRP - ASP
Joining ASP - ASP
Joining ASP - GLU
Joining GLU - ALA
Joining ALA - ILE
Joining ILE - ALA
Joining ALA - LYS
Joining LYS - LEU
Joining LEU - ASN
Joining ASN - PRO
Joining PRO - GLY
Joining GLY - LEU
Joining LEU - LYS
Joining LYS - LEU
Joining LEU - PRO
Joining PRO - SER
Joining SER - GLN
Joining GLN - ASN
Joining ASN - ILE
Joining ILE - ALA
Joining ALA - VAL
Joining VAL - VAL
Joining VAL - ARG
Joining ARG - ARG
Joining ARG - ALA
Joining ALA - ASP
Joining ASP - GLY
Joining GLY - SER
Joining SER - GLY
Joining GLY - THR
Joining THR - SER
Joining SER - PHE
Joining PHE - VAL
Joining VAL - PHE
Joining PHE - THR
Joining THR - SER
Joining SER - TYR
Joining TYR - LEU
Joining LEU - ALA
Joining ALA - LYS
Joining LYS - VAL
Joining VAL - ASN
Joining ASN - GLU
Joining GLU - GLU
Joining GLU - TRP
Joining TRP - LYS
Joining LYS - ASN
Joining ASN - ASN
Joining ASN - VAL
Joining VAL - GLY
Joining GLY - THR
Joining THR - GLY
Joining GLY - SER
Joining SER - THR
Joining THR - VAL
Joining VAL - LYS
Joining LYS - TRP
Joining TRP - PRO
Joining PRO - ILE
Joining ILE - GLY
Joining GLY - LEU
Joining LEU - GLY
Joining GLY - GLY
Joining GLY - LYS
Joining LYS - GLY
Joining GLY - ASN
Joining ASN - ASP
Joining ASP - GLY
Joining GLY - ILE
Joining ILE - ALA
Joining ALA - ALA
Joining ALA - PHE
Joining PHE - VAL
Joining VAL - GLN
Joining GLN - ARG
Joining ARG - LEU
Joining LEU - PRO
Joining PRO - GLY
Joining GLY - ALA
Joining ALA - ILE
Joining ILE - GLY
Joining GLY - TYR
Joining TYR - VAL
Joining VAL - GLU
Joining GLU - TYR
Joining TYR - ALA
Joining ALA - TYR
Joining TYR - ALA
Joining ALA - LYS
Joining LYS - GLN
Joining GLN - ASN
Joining ASN - ASN
Joining ASN - LEU
Joining LEU - ALA
Joining ALA - TYR
Joining TYR - THR
Joining THR - LYS
Joining LYS - LEU
Joining LEU - ILE
Joining ILE - SER
Joining SER - ALA
Joining ALA - ASP
Joining ASP - GLY
Joining GLY - LYS
Joining LYS - PRO
Joining PRO - VAL
Joining VAL - SER
Joining SER - PRO
Joining PRO - THR
Joining THR - GLU
Joining GLU - GLU
Joining GLU - ASN
Joining ASN - PHE
Joining PHE - ALA
Joining ALA - ASN
Joining ASN - ALA
Joining ALA - ALA
Joining ALA - LYS
Joining LYS - GLY
Joining GLY - ALA
Joining ALA - ASP
Joining ASP - TRP
Joining TRP - SER
Joining SER - LYS
Joining LYS - THR
Joining THR - PHE
Joining PHE - ALA
Joining ALA - GLN
Joining GLN - ASP
Joining ASP - LEU
Joining LEU - THR
Joining THR - ASN
Joining ASN - GLN
Joining GLN - LYS
Joining LYS - GLY
Joining GLY - GLU
Joining GLU - ASP
Joining ASP - ALA
Joining ALA - TRP
Joining TRP - PRO
Joining PRO - ILE
Joining ILE - THR
Joining THR - SER
Joining SER - THR
Joining THR - THR
Joining THR - PHE
Joining PHE - ILE
Joining ILE - LEU
Joining LEU - ILE
Joining ILE - HIE
Joining HIE - LYS
Joining LYS - ASP
Joining ASP - GLN
Joining GLN - LYS
Joining LYS - LYS
Joining LYS - PRO
Joining PRO - GLU
Joining GLU - GLN
Joining GLN - GLY
Joining GLY - THR
Joining THR - GLU
Joining GLU - VAL
Joining VAL - LEU
Joining LEU - LYS
Joining LYS - PHE
Joining PHE - PHE
Joining PHE - ASP
Joining ASP - TRP
Joining TRP - ALA
Joining ALA - TYR
Joining TYR - LYS
Joining LYS - THR
Joining THR - GLY
Joining GLY - ALA
Joining ALA - LYS
Joining LYS - GLN
Joining GLN - ALA
Joining ALA - ASN
Joining ASN - ASP
Joining ASP - LEU
Joining LEU - ASP
Joining ASP - TYR
Joining TYR - ALA
Joining ALA - SER
Joining SER - LEU
Joining LEU - PRO
Joining PRO - ASP
Joining ASP - SER
Joining SER - VAL
Joining VAL - VAL
Joining VAL - GLU
Joining GLU - GLN
Joining GLN - VAL
Joining VAL - ARG
Joining ARG - ALA
Joining ALA - ALA
Joining ALA - TRP
Joining TRP - LYS
Joining LYS - THR
Joining THR - ASN
Joining ASN - ILE
Joining ILE - LYS
Joining LYS - ASP
Joining ASP - SER
Joining SER - SER
Joining SER - GLY
Joining GLY - LYS
Joining LYS - PRO
Joining PRO - LEU
Joining LEU - CTYR
  total atoms in file: 2438
  Leap added 2417 missing atoms according to residue templates:
       2417 H / lone pairs
> translate 1IXH {-24.88659475     -27.18643724     -14.37192986}
> savepdb 1IXH 1IXH_origin.pdb
Writing pdb file: 1IXH_origin.pdb
 Converting N-terminal residue name to PDB format: NGLU -> GLU
 Converting C-terminal residue name to PDB format: CTYR -> TYR
