            --------------------------------------------------------
                             AMBER SQM VERSION 14
 
                                     By
              Ross C. Walker, Michael F. Crowley, Scott Brozell,
                         Tim Giese, Andreas W. Goetz,
                        Tai-Sung Lee and David A. Case
 
            --------------------------------------------------------
 

--------------------------------------------------------------------------------
  QM CALCULATION INFO
--------------------------------------------------------------------------------

| QMMM: Citation for AMBER QMMM Run:
| QMMM: R.C. Walker, M.F. Crowley and D.A. Case, J. COMP. CHEM. 29:1019, 2008

QMMM: SINGLET STATE CALCULATION
QMMM: RHF CALCULATION, NO. OF DOUBLY OCCUPIED LEVELS = 16

| QMMM: *** Selected Hamiltonian *** 
| QMMM: AM1         

| QMMM: *** Parameter sets in use ***
| QMMM: P : M.J.S.DEWAR et al. THEOCHEM, 187,1, (1989)
| QMMM: O : M.J.S.DEWAR et al. JACS, 107, 3902, (1985)
| QMMM: H : M.J.S.DEWAR et al. JACS, 107, 3902, (1985)

| QMMM: *** SCF convergence criteria ***
| QMMM: Energy change                :  0.1D-09 kcal/mol
| QMMM: Error matrix |FP-PF|         :  0.1D+00 au
| QMMM: Density matrix change        :  0.1D-09
| QMMM: Maximum number of SCF cycles :     1000

| QMMM: *** Diagonalization Routine Information ***
| QMMM: Pseudo diagonalizations are allowed.
| QMMM: Auto diagonalization routine selection is disabled.
| QMMM: Using internal diagonalization routine (diag_routine=1).

  QMMM: QM Region Cartesian Coordinates (*=link atom) 
  QMMM: QM_NO.   MM_NO.  ATOM         X         Y         Z
  QMMM:     1        1      P        2.6270    0.3140   -0.1490
  QMMM:     2        2      O        3.0190    1.6320    0.8560
  QMMM:     3        3      H        2.6350    2.5960    0.8470
  QMMM:     4        4      O        4.0220   -0.5790   -0.4480
  QMMM:     5        5      H        4.8560   -0.2100   -0.9140
  QMMM:     6        6      O        1.3780   -0.6900    0.4540
  QMMM:     7        7      H        0.8970   -1.5060   -0.0000
  QMMM:     8        8      O        2.1380    0.9180   -1.5750

--------------------------------------------------------------------------------
  RESULTS
--------------------------------------------------------------------------------

      iter         sqm energy              rms gradient
      ----    -------------------    -----------------------
xmin    10     -284.7891 kcal/mol        2.8157 kcal/(mol*A)
xmin    20     -287.4128 kcal/mol        0.5983 kcal/(mol*A)
xmin    30     -287.4293 kcal/mol        0.0005 kcal/(mol*A)
  ... geometry converged !
 
 Final MO eigenvalues (eV):
 -38.5960  -37.3225  -36.9921  -34.8645  -21.6559  -20.0294  -19.9490  -16.8274
 -15.9455  -15.6696  -14.8949  -14.2003  -13.8956  -13.5592  -12.0413  -12.0082
   0.8877    3.0727    3.2596    4.5274    5.7873    5.8282    6.8040

 Heat of formation   =       -287.42933614 kcal/mol  (      -12.46387130 eV)

 Total SCF energy    =     -33573.90233163 kcal/mol  (    -1455.87365386 eV)
 Electronic energy   =     -94805.11045282 kcal/mol  (    -4111.05808303 eV)
 Core-core repulsion =      61231.20812120 kcal/mol  (     2655.18442917 eV)
 
    Atomic Charges for Step       1 :
  Atom    Element       Mulliken Charge
     1      P                  2.632
     2      O                 -0.837
     3      H                  0.288
     4      O                 -0.815
     5      H                  0.289
     6      O                 -0.784
     7      H                  0.286
     8      O                 -1.059
 Total Mulliken Charge =      -0.000
 
                  X        Y        Z     TOTAL  
  QM DIPOLE     2.128   -0.948    2.916    3.732
 
 Final Structure

  QMMM: QM Region Cartesian Coordinates (*=link atom) 
  QMMM: QM_NO.   MM_NO.  ATOM         X         Y         Z
  QMMM:     1        1      P        2.4231    0.4531   -0.5183
  QMMM:     2        2      O        3.0208    1.2810    0.7066
  QMMM:     3        3      H        2.8202    2.2103    0.7692
  QMMM:     4        4      O        3.6592   -0.5353   -0.6975
  QMMM:     5        5      H        4.4824   -0.3020   -0.2748
  QMMM:     6        6      O        1.4167   -0.5696    0.1557
  QMMM:     7        7      H        1.7895   -1.3691    0.5220
  QMMM:     8        8      O        1.9602    1.3067   -1.5919

           --------- Calculation Completed ----------

